<?xml version="1.0" encoding="UTF-8"?>
<testsuites name="ScreenCrawlHappyPath" time="277" tests="13" failures="1" errors="0">
   <testsuite name="ScreenCrawlHappyPath" tests="13" failures="1" errors="0" time="277" timestamp="2019-04-12 09:59:19" hostname="patrick.murphy - BOU-CH78ST2.corp.gbrx.com" id="Test Suites/ScreenCrawl/ScreenCrawlHappyPath">
      <properties>
         <property name="deviceName" value=""/>
         <property name="devicePlatform" value=""/>
         <property name="logFolder" value="C:\\Users\\patrick.murphy\\git\\KatalonDemo\\Reports\\ScreenCrawl\\ScreenCrawlHappyPath\\20190412_095912"/>
         <property name="logFiles" value="C:\\Users\\patrick.murphy\\git\\KatalonDemo\\Reports\\ScreenCrawl\\ScreenCrawlHappyPath\\20190412_095912\\execution0.log"/>
         <property name="attachments" value="C:\\Users\\patrick.murphy\\git\\KatalonDemo\\Reports\\ScreenCrawl\\ScreenCrawlHappyPath\\20190412_095912\\1555085022770.png"/>
         <property name="hostName" value="patrick.murphy - BOU-CH78ST2.corp.gbrx.com"/>
         <property name="os" value="Windows 10 64bit"/>
         <property name="katalonVersion" value="6.0.5.10"/>
         <property name="browser" value="Chrome 73.0.3683.103"/>
         <property name="hostAddress" value="10.0.75.1"/>
         <property name="sessionId" value="c8c84999ba8726357268587766b4ca2e"/>
         <property name="seleniumVersion" value="3.7.1"/>
         <property name="proxyInformation" value="ProxyInformation{proxyOption=NO_PROXY, proxyServerType=HTTP, password=, proxyServerAddress=, proxyServerPort=0}"/>
         <property name="platform" value="Windows 10"/>
      </properties>
      <testcase name="Test Cases/ScreenCrawl/ScreenCrawlAccountingDropdown" classname="Test Cases/ScreenCrawl/ScreenCrawlAccountingDropdown" status="PASSED">
         <system-out><![CDATA[2019-04-12 09:59:19 - [TEST_CASE][PASSED] - Test Cases/ScreenCrawl/ScreenCrawlAccountingDropdown: Test Cases/ScreenCrawl/ScreenCrawlAccountingDropdown

2019-04-12 09:59:20 - [TEST_STEP][PASSED] - openBrowser(""): Browser is opened with url: ''

2019-04-12 09:59:20 - [MESSAGE][INFO] - Starting 'Chrome' driver

2019-04-12 09:59:20 - [MESSAGE][INFO] - Action delay is set to 0 seconds

2019-04-12 09:59:26 - [MESSAGE][PASSED] - Browser is opened with url: ''

2019-04-12 09:59:26 - [TEST_STEP][PASSED] - deleteAllCookies(): Delete all cookies successfully

2019-04-12 09:59:26 - [MESSAGE][PASSED] - Delete all cookies successfully

2019-04-12 09:59:26 - [TEST_STEP][PASSED] - maximizeWindow(): Current window maximized

2019-04-12 09:59:28 - [MESSAGE][PASSED] - Current window maximized

2019-04-12 09:59:28 - [TEST_STEP][PASSED] - navigateToUrl("http://enspire-qa.gbrx.com/"): Navigate to 'http://enspire-qa.gbrx.com/' successfully

2019-04-12 09:59:29 - [MESSAGE][PASSED] - Navigate to 'http://enspire-qa.gbrx.com/' successfully

2019-04-12 09:59:29 - [TEST_STEP][PASSED] - waitForPageLoad(0): Wait for page load successfully

2019-04-12 09:59:29 - [MESSAGE][WARNING] - Timeout '0' is invalid. Using default page load timeout: '30'

2019-04-12 09:59:29 - [MESSAGE][PASSED] - Wait for page load successfully

2019-04-12 09:59:29 - [TEST_STEP][PASSED] - sendKeys(findTestObject("Login Page/Username Field"), ScreenCrawlUser): Keys 'GMS/ScreenCrawlAllRoles' sent to object: 'Object Repository/Login Page/Username Field'

2019-04-12 09:59:29 - [MESSAGE][PASSED] - Keys 'GMS/ScreenCrawlAllRoles' sent to object: 'Object Repository/Login Page/Username Field'

2019-04-12 09:59:29 - [TEST_STEP][PASSED] - sendKeys(findTestObject("Login Page/Password Field"), ScreenCrawlPass): Keys '123456789' sent to object: 'Object Repository/Login Page/Password Field'

2019-04-12 09:59:29 - [MESSAGE][PASSED] - Keys '123456789' sent to object: 'Object Repository/Login Page/Password Field'

2019-04-12 09:59:29 - [TEST_STEP][PASSED] - click(findTestObject("Login Page/Login Button")): Object: 'Object Repository/Login Page/Login Button' is clicked on

2019-04-12 09:59:30 - [MESSAGE][PASSED] - Object: 'Object Repository/Login Page/Login Button' is clicked on

2019-04-12 09:59:30 - [TEST_STEP][PASSED] - waitForPageLoad(0): Wait for page load successfully

2019-04-12 09:59:30 - [MESSAGE][WARNING] - Timeout '0' is invalid. Using default page load timeout: '30'

2019-04-12 09:59:30 - [MESSAGE][PASSED] - Wait for page load successfully

2019-04-12 09:59:30 - [TEST_STEP][PASSED] - verifyElementVisible(findTestObject("GBMS Home Page Dropdowns/Accounting Dropdown")): Object 'Object Repository/GBMS Home Page Dropdowns/Accounting Dropdown' is visible

2019-04-12 09:59:30 - [MESSAGE][PASSED] - Object 'Object Repository/GBMS Home Page Dropdowns/Accounting Dropdown' is visible

2019-04-12 09:59:30 - [TEST_STEP][PASSED] - click(findTestObject("GBMS Home Page Dropdowns/Accounting Dropdown")): Object: 'Object Repository/GBMS Home Page Dropdowns/Accounting Dropdown' is clicked on

2019-04-12 09:59:31 - [MESSAGE][PASSED] - Object: 'Object Repository/GBMS Home Page Dropdowns/Accounting Dropdown' is clicked on

2019-04-12 09:59:31 - [TEST_STEP][PASSED] - click(findTestObject("GBMS Home Page Dropdowns/Accounting Search Option")): Object: 'Object Repository/GBMS Home Page Dropdowns/Accounting Search Option' is clicked on

2019-04-12 09:59:38 - [MESSAGE][PASSED] - Object: 'Object Repository/GBMS Home Page Dropdowns/Accounting Search Option' is clicked on

2019-04-12 09:59:38 - [TEST_STEP][PASSED] - waitForPageLoad(0): Wait for page load successfully

2019-04-12 09:59:38 - [MESSAGE][WARNING] - Timeout '0' is invalid. Using default page load timeout: '30'

2019-04-12 09:59:38 - [MESSAGE][PASSED] - Wait for page load successfully

2019-04-12 09:59:38 - [TEST_STEP][PASSED] - verifyElementVisible(findTestObject("Accounting Search/Incoming Invoice Search Section")): Object 'Object Repository/Accounting Search/Incoming Invoice Search Section' is visible

2019-04-12 09:59:38 - [MESSAGE][PASSED] - Object 'Object Repository/Accounting Search/Incoming Invoice Search Section' is visible

2019-04-12 09:59:38 - [TEST_STEP][PASSED] - verifyElementVisible(findTestObject("Accounting Search/Asset Search Section")): Object 'Object Repository/Accounting Search/Asset Search Section' is visible

2019-04-12 09:59:38 - [MESSAGE][PASSED] - Object 'Object Repository/Accounting Search/Asset Search Section' is visible

2019-04-12 09:59:38 - [TEST_STEP][PASSED] - verifyElementVisible(findTestObject("Accounting Search/Outgoing Invoiced Search Section")): Object 'Object Repository/Accounting Search/Outgoing Invoiced Search Section' is visible

2019-04-12 09:59:38 - [MESSAGE][PASSED] - Object 'Object Repository/Accounting Search/Outgoing Invoiced Search Section' is visible

2019-04-12 09:59:38 - [TEST_STEP][PASSED] - verifyElementVisible(findTestObject("Accounting Search/Car Search Section")): Object 'Object Repository/Accounting Search/Car Search Section' is visible

2019-04-12 09:59:38 - [MESSAGE][PASSED] - Object 'Object Repository/Accounting Search/Car Search Section' is visible

2019-04-12 09:59:38 - [TEST_STEP][PASSED] - back(): Navigate back successfully

2019-04-12 09:59:38 - [MESSAGE][PASSED] - Navigate back successfully

2019-04-12 09:59:38 - [TEST_STEP][PASSED] - waitForPageLoad(0): Wait for page load successfully

2019-04-12 09:59:38 - [MESSAGE][WARNING] - Timeout '0' is invalid. Using default page load timeout: '30'

2019-04-12 09:59:38 - [MESSAGE][PASSED] - Wait for page load successfully

2019-04-12 09:59:38 - [TEST_STEP][PASSED] - verifyElementVisible(findTestObject("GBMS Home Page Dropdowns/Accounting Dropdown")): Object 'Object Repository/GBMS Home Page Dropdowns/Accounting Dropdown' is visible

2019-04-12 09:59:38 - [MESSAGE][PASSED] - Object 'Object Repository/GBMS Home Page Dropdowns/Accounting Dropdown' is visible

2019-04-12 09:59:38 - [TEST_STEP][PASSED] - click(findTestObject("GBMS Home Page Dropdowns/Accounting Dropdown")): Object: 'Object Repository/GBMS Home Page Dropdowns/Accounting Dropdown' is clicked on

2019-04-12 09:59:38 - [MESSAGE][PASSED] - Object: 'Object Repository/GBMS Home Page Dropdowns/Accounting Dropdown' is clicked on

2019-04-12 09:59:38 - [TEST_STEP][PASSED] - click(findTestObject("GBMS Home Page Dropdowns/Approve AP Option")): Object: 'Object Repository/GBMS Home Page Dropdowns/Approve AP Option' is clicked on

2019-04-12 09:59:39 - [MESSAGE][PASSED] - Object: 'Object Repository/GBMS Home Page Dropdowns/Approve AP Option' is clicked on

2019-04-12 09:59:39 - [TEST_STEP][PASSED] - waitForPageLoad(0): Wait for page load successfully

2019-04-12 09:59:39 - [MESSAGE][WARNING] - Timeout '0' is invalid. Using default page load timeout: '30'

2019-04-12 09:59:39 - [MESSAGE][PASSED] - Wait for page load successfully

2019-04-12 09:59:39 - [TEST_STEP][PASSED] - waitForElementVisible(findTestObject("Approve AP/Invoices Grid"), 0): Object 'Object Repository/Approve AP/Invoices Grid' is visible

2019-04-12 09:59:39 - [MESSAGE][WARNING] - Timeout '0' is invalid. Using default page load timeout: '30'

2019-04-12 09:59:42 - [MESSAGE][PASSED] - Object 'Object Repository/Approve AP/Invoices Grid' is visible

2019-04-12 09:59:42 - [TEST_STEP][PASSED] - verifyElementVisible(findTestObject("Approve AP/Legend Img")): Object 'Object Repository/Approve AP/Legend Img' is visible

2019-04-12 09:59:42 - [MESSAGE][PASSED] - Object 'Object Repository/Approve AP/Legend Img' is visible

2019-04-12 09:59:42 - [TEST_STEP][PASSED] - back(): Navigate back successfully

2019-04-12 09:59:42 - [MESSAGE][PASSED] - Navigate back successfully

2019-04-12 09:59:42 - [TEST_STEP][PASSED] - waitForPageLoad(0): Wait for page load successfully

2019-04-12 09:59:42 - [MESSAGE][WARNING] - Timeout '0' is invalid. Using default page load timeout: '30'

2019-04-12 09:59:42 - [MESSAGE][PASSED] - Wait for page load successfully

2019-04-12 09:59:42 - [TEST_STEP][PASSED] - verifyElementVisible(findTestObject("GBMS Home Page Dropdowns/Accounting Dropdown")): Object 'Object Repository/GBMS Home Page Dropdowns/Accounting Dropdown' is visible

2019-04-12 09:59:42 - [MESSAGE][PASSED] - Object 'Object Repository/GBMS Home Page Dropdowns/Accounting Dropdown' is visible

2019-04-12 09:59:42 - [TEST_STEP][PASSED] - click(findTestObject("GBMS Home Page Dropdowns/Accounting Dropdown")): Object: 'Object Repository/GBMS Home Page Dropdowns/Accounting Dropdown' is clicked on

2019-04-12 09:59:42 - [MESSAGE][PASSED] - Object: 'Object Repository/GBMS Home Page Dropdowns/Accounting Dropdown' is clicked on

2019-04-12 09:59:42 - [TEST_STEP][PASSED] - click(findTestObject("GBMS Home Page Dropdowns/On Hold Option")): Object: 'Object Repository/GBMS Home Page Dropdowns/On Hold Option' is clicked on

2019-04-12 09:59:44 - [MESSAGE][PASSED] - Object: 'Object Repository/GBMS Home Page Dropdowns/On Hold Option' is clicked on

2019-04-12 09:59:44 - [TEST_STEP][PASSED] - waitForPageLoad(0): Wait for page load successfully

2019-04-12 09:59:44 - [MESSAGE][WARNING] - Timeout '0' is invalid. Using default page load timeout: '30'

2019-04-12 09:59:44 - [MESSAGE][PASSED] - Wait for page load successfully

2019-04-12 09:59:44 - [TEST_STEP][PASSED] - verifyElementVisible(findTestObject("On Hold/Invoices On Hold Header")): Object 'Object Repository/On Hold/Invoices On Hold Header' is visible

2019-04-12 09:59:44 - [MESSAGE][PASSED] - Object 'Object Repository/On Hold/Invoices On Hold Header' is visible

2019-04-12 09:59:44 - [TEST_STEP][PASSED] - verifyElementVisible(findTestObject("On Hold/Un-Hold")): Object 'Object Repository/On Hold/Un-Hold' is visible

2019-04-12 09:59:44 - [MESSAGE][PASSED] - Object 'Object Repository/On Hold/Un-Hold' is visible

2019-04-12 09:59:44 - [TEST_STEP][PASSED] - back(): Navigate back successfully

2019-04-12 09:59:44 - [MESSAGE][PASSED] - Navigate back successfully

2019-04-12 09:59:44 - [TEST_STEP][PASSED] - waitForPageLoad(0): Wait for page load successfully

2019-04-12 09:59:44 - [MESSAGE][WARNING] - Timeout '0' is invalid. Using default page load timeout: '30'

2019-04-12 09:59:44 - [MESSAGE][PASSED] - Wait for page load successfully

2019-04-12 09:59:44 - [TEST_STEP][PASSED] - verifyElementVisible(findTestObject("GBMS Home Page Dropdowns/Accounting Dropdown")): Object 'Object Repository/GBMS Home Page Dropdowns/Accounting Dropdown' is visible

2019-04-12 09:59:44 - [MESSAGE][PASSED] - Object 'Object Repository/GBMS Home Page Dropdowns/Accounting Dropdown' is visible

2019-04-12 09:59:44 - [TEST_STEP][PASSED] - click(findTestObject("GBMS Home Page Dropdowns/Accounting Dropdown")): Object: 'Object Repository/GBMS Home Page Dropdowns/Accounting Dropdown' is clicked on

2019-04-12 09:59:44 - [MESSAGE][PASSED] - Object: 'Object Repository/GBMS Home Page Dropdowns/Accounting Dropdown' is clicked on

2019-04-12 09:59:44 - [TEST_STEP][PASSED] - click(findTestObject("GBMS Home Page Dropdowns/Approve AR Option")): Object: 'Object Repository/GBMS Home Page Dropdowns/Approve AR Option' is clicked on

2019-04-12 09:59:45 - [MESSAGE][PASSED] - Object: 'Object Repository/GBMS Home Page Dropdowns/Approve AR Option' is clicked on

2019-04-12 09:59:45 - [TEST_STEP][PASSED] - waitForPageLoad(0): Wait for page load successfully

2019-04-12 09:59:45 - [MESSAGE][WARNING] - Timeout '0' is invalid. Using default page load timeout: '30'

2019-04-12 09:59:45 - [MESSAGE][PASSED] - Wait for page load successfully

2019-04-12 09:59:45 - [TEST_STEP][PASSED] - waitForElementVisible(findTestObject("Approve AR/AR Approvable Table"), 0): Object 'Object Repository/Approve AR/AR Approvable Table' is visible

2019-04-12 09:59:45 - [MESSAGE][WARNING] - Timeout '0' is invalid. Using default page load timeout: '30'

2019-04-12 09:59:45 - [MESSAGE][PASSED] - Object 'Object Repository/Approve AR/AR Approvable Table' is visible

2019-04-12 09:59:45 - [TEST_STEP][PASSED] - waitForElementVisible(findTestObject("Approve AR/Invoice Response AR Approvable Table"), 0): Object 'Object Repository/Approve AR/Invoice Response AR Approvable Table' is visible

2019-04-12 09:59:45 - [MESSAGE][WARNING] - Timeout '0' is invalid. Using default page load timeout: '30'

2019-04-12 09:59:45 - [MESSAGE][PASSED] - Object 'Object Repository/Approve AR/Invoice Response AR Approvable Table' is visible

2019-04-12 09:59:45 - [TEST_STEP][PASSED] - verifyElementVisible(findTestObject("Approve AR/CBA AR Approvable")): Object 'Object Repository/Approve AR/CBA AR Approvable' is visible

2019-04-12 09:59:45 - [MESSAGE][PASSED] - Object 'Object Repository/Approve AR/CBA AR Approvable' is visible

2019-04-12 09:59:45 - [TEST_STEP][PASSED] - verifyElementVisible(findTestObject("Approve AR/Legend Img")): Object 'Object Repository/Approve AR/Legend Img' is visible

2019-04-12 09:59:45 - [MESSAGE][PASSED] - Object 'Object Repository/Approve AR/Legend Img' is visible

2019-04-12 09:59:45 - [TEST_STEP][PASSED] - back(): Navigate back successfully

2019-04-12 09:59:45 - [MESSAGE][PASSED] - Navigate back successfully

2019-04-12 09:59:45 - [TEST_STEP][PASSED] - waitForPageLoad(0): Wait for page load successfully

2019-04-12 09:59:45 - [MESSAGE][WARNING] - Timeout '0' is invalid. Using default page load timeout: '30'

2019-04-12 09:59:45 - [MESSAGE][PASSED] - Wait for page load successfully

2019-04-12 09:59:45 - [TEST_STEP][PASSED] - verifyElementVisible(findTestObject("GBMS Home Page Dropdowns/Accounting Dropdown")): Object 'Object Repository/GBMS Home Page Dropdowns/Accounting Dropdown' is visible

2019-04-12 09:59:45 - [MESSAGE][PASSED] - Object 'Object Repository/GBMS Home Page Dropdowns/Accounting Dropdown' is visible

2019-04-12 09:59:45 - [TEST_STEP][PASSED] - click(findTestObject("GBMS Home Page Dropdowns/Accounting Dropdown")): Object: 'Object Repository/GBMS Home Page Dropdowns/Accounting Dropdown' is clicked on

2019-04-12 09:59:45 - [MESSAGE][PASSED] - Object: 'Object Repository/GBMS Home Page Dropdowns/Accounting Dropdown' is clicked on

2019-04-12 09:59:45 - [TEST_STEP][PASSED] - click(findTestObject("GBMS Home Page Dropdowns/Extra Charges Option")): Object: 'Object Repository/GBMS Home Page Dropdowns/Extra Charges Option' is clicked on

2019-04-12 09:59:46 - [MESSAGE][PASSED] - Object: 'Object Repository/GBMS Home Page Dropdowns/Extra Charges Option' is clicked on

2019-04-12 09:59:46 - [TEST_STEP][PASSED] - waitForElementVisible(findTestObject("Extra Charges/Extra Charges Table"), 0): Object 'Object Repository/Extra Charges/Extra Charges Table' is visible

2019-04-12 09:59:46 - [MESSAGE][WARNING] - Timeout '0' is invalid. Using default page load timeout: '30'

2019-04-12 09:59:46 - [MESSAGE][PASSED] - Object 'Object Repository/Extra Charges/Extra Charges Table' is visible

2019-04-12 09:59:46 - [TEST_STEP][PASSED] - waitForPageLoad(0): Wait for page load successfully

2019-04-12 09:59:46 - [MESSAGE][WARNING] - Timeout '0' is invalid. Using default page load timeout: '30'

2019-04-12 09:59:46 - [MESSAGE][PASSED] - Wait for page load successfully

2019-04-12 09:59:46 - [TEST_STEP][PASSED] - verifyElementVisible(findTestObject("Extra Charges/Extra Charges Header")): Object 'Object Repository/Extra Charges/Extra Charges Header' is visible

2019-04-12 09:59:46 - [MESSAGE][PASSED] - Object 'Object Repository/Extra Charges/Extra Charges Header' is visible

2019-04-12 09:59:46 - [TEST_STEP][PASSED] - back(): Navigate back successfully

2019-04-12 09:59:46 - [MESSAGE][PASSED] - Navigate back successfully

2019-04-12 09:59:46 - [TEST_STEP][PASSED] - waitForPageLoad(0): Wait for page load successfully

2019-04-12 09:59:46 - [MESSAGE][WARNING] - Timeout '0' is invalid. Using default page load timeout: '30'

2019-04-12 09:59:46 - [MESSAGE][PASSED] - Wait for page load successfully

2019-04-12 09:59:46 - [TEST_STEP][PASSED] - verifyElementVisible(findTestObject("GBMS Home Page Dropdowns/Accounting Dropdown")): Object 'Object Repository/GBMS Home Page Dropdowns/Accounting Dropdown' is visible

2019-04-12 09:59:46 - [MESSAGE][PASSED] - Object 'Object Repository/GBMS Home Page Dropdowns/Accounting Dropdown' is visible

2019-04-12 09:59:46 - [TEST_STEP][PASSED] - click(findTestObject("GBMS Home Page Dropdowns/Accounting Dropdown")): Object: 'Object Repository/GBMS Home Page Dropdowns/Accounting Dropdown' is clicked on

2019-04-12 09:59:46 - [MESSAGE][PASSED] - Object: 'Object Repository/GBMS Home Page Dropdowns/Accounting Dropdown' is clicked on

2019-04-12 09:59:46 - [TEST_STEP][PASSED] - click(findTestObject("GBMS Home Page Dropdowns/Invoiceable Option")): Object: 'Object Repository/GBMS Home Page Dropdowns/Invoiceable Option' is clicked on

2019-04-12 09:59:47 - [MESSAGE][PASSED] - Object: 'Object Repository/GBMS Home Page Dropdowns/Invoiceable Option' is clicked on

2019-04-12 09:59:47 - [TEST_STEP][PASSED] - verifyElementVisible(findTestObject("Invoiceable/Loading...")): Object 'Object Repository/Invoiceable/Loading...' is visible

2019-04-12 09:59:47 - [MESSAGE][PASSED] - Object 'Object Repository/Invoiceable/Loading...' is visible

2019-04-12 09:59:47 - [TEST_STEP][PASSED] - waitForElementVisible(findTestObject("Invoiceable/Pending Invoices Table"), 0): Object 'Object Repository/Invoiceable/Pending Invoices Table' is visible

2019-04-12 09:59:47 - [MESSAGE][WARNING] - Timeout '0' is invalid. Using default page load timeout: '30'

2019-04-12 09:59:47 - [MESSAGE][PASSED] - Object 'Object Repository/Invoiceable/Pending Invoices Table' is visible

2019-04-12 09:59:47 - [TEST_STEP][PASSED] - waitForPageLoad(0): Wait for page load successfully

2019-04-12 09:59:47 - [MESSAGE][WARNING] - Timeout '0' is invalid. Using default page load timeout: '30'

2019-04-12 09:59:47 - [MESSAGE][PASSED] - Wait for page load successfully

2019-04-12 09:59:47 - [TEST_STEP][PASSED] - verifyElementVisible(findTestObject("Invoiceable/Pending Invoices Header")): Object 'Object Repository/Invoiceable/Pending Invoices Header' is visible

2019-04-12 09:59:47 - [MESSAGE][PASSED] - Object 'Object Repository/Invoiceable/Pending Invoices Header' is visible

2019-04-12 09:59:47 - [TEST_STEP][PASSED] - verifyElementVisible(findTestObject("Invoiceable/Legend Img")): Object 'Object Repository/Invoiceable/Legend Img' is visible

2019-04-12 09:59:47 - [MESSAGE][PASSED] - Object 'Object Repository/Invoiceable/Legend Img' is visible

2019-04-12 09:59:47 - [TEST_STEP][PASSED] - back(): Navigate back successfully

2019-04-12 09:59:47 - [MESSAGE][PASSED] - Navigate back successfully

2019-04-12 09:59:47 - [TEST_STEP][PASSED] - waitForPageLoad(0): Wait for page load successfully

2019-04-12 09:59:47 - [MESSAGE][WARNING] - Timeout '0' is invalid. Using default page load timeout: '30'

2019-04-12 09:59:47 - [MESSAGE][PASSED] - Wait for page load successfully

2019-04-12 09:59:47 - [TEST_STEP][PASSED] - verifyElementVisible(findTestObject("GBMS Home Page Dropdowns/Accounting Dropdown")): Object 'Object Repository/GBMS Home Page Dropdowns/Accounting Dropdown' is visible

2019-04-12 09:59:47 - [MESSAGE][PASSED] - Object 'Object Repository/GBMS Home Page Dropdowns/Accounting Dropdown' is visible

2019-04-12 09:59:47 - [TEST_STEP][PASSED] - click(findTestObject("GBMS Home Page Dropdowns/Accounting Dropdown")): Object: 'Object Repository/GBMS Home Page Dropdowns/Accounting Dropdown' is clicked on

2019-04-12 09:59:47 - [MESSAGE][PASSED] - Object: 'Object Repository/GBMS Home Page Dropdowns/Accounting Dropdown' is clicked on

2019-04-12 09:59:47 - [TEST_STEP][PASSED] - click(findTestObject("GBMS Home Page Dropdowns/Integration System Errors Option")): Object: 'Object Repository/GBMS Home Page Dropdowns/Integration System Errors Option' is clicked on

2019-04-12 09:59:48 - [MESSAGE][PASSED] - Object: 'Object Repository/GBMS Home Page Dropdowns/Integration System Errors Option' is clicked on

2019-04-12 09:59:48 - [TEST_STEP][PASSED] - waitForPageLoad(0): Wait for page load successfully

2019-04-12 09:59:48 - [MESSAGE][WARNING] - Timeout '0' is invalid. Using default page load timeout: '30'

2019-04-12 09:59:48 - [MESSAGE][PASSED] - Wait for page load successfully

2019-04-12 09:59:48 - [TEST_STEP][PASSED] - verifyElementVisible(findTestObject("Integration System Errors/Integration System Errors Header")): Object 'Object Repository/Integration System Errors/Integration System Errors Header' is visible

2019-04-12 09:59:48 - [MESSAGE][PASSED] - Object 'Object Repository/Integration System Errors/Integration System Errors Header' is visible

2019-04-12 09:59:48 - [TEST_STEP][PASSED] - verifyElementVisible(findTestObject("Integration System Errors/System Erros Table")): Object 'Object Repository/Integration System Errors/System Erros Table' is visible

2019-04-12 09:59:48 - [MESSAGE][PASSED] - Object 'Object Repository/Integration System Errors/System Erros Table' is visible

2019-04-12 09:59:48 - [TEST_STEP][PASSED] - back(): Navigate back successfully

2019-04-12 09:59:48 - [MESSAGE][PASSED] - Navigate back successfully

2019-04-12 09:59:48 - [TEST_STEP][PASSED] - waitForPageLoad(0): Wait for page load successfully

2019-04-12 09:59:49 - [MESSAGE][WARNING] - Timeout '0' is invalid. Using default page load timeout: '30'

2019-04-12 09:59:49 - [MESSAGE][PASSED] - Wait for page load successfully

2019-04-12 09:59:49 - [TEST_STEP][PASSED] - verifyElementVisible(findTestObject("GBMS Home Page Dropdowns/Accounting Dropdown")): Object 'Object Repository/GBMS Home Page Dropdowns/Accounting Dropdown' is visible

2019-04-12 09:59:49 - [MESSAGE][PASSED] - Object 'Object Repository/GBMS Home Page Dropdowns/Accounting Dropdown' is visible

2019-04-12 09:59:49 - [TEST_STEP][PASSED] - click(findTestObject("GBMS Home Page Dropdowns/Accounting Dropdown")): Object: 'Object Repository/GBMS Home Page Dropdowns/Accounting Dropdown' is clicked on

2019-04-12 09:59:49 - [MESSAGE][PASSED] - Object: 'Object Repository/GBMS Home Page Dropdowns/Accounting Dropdown' is clicked on

2019-04-12 09:59:49 - [TEST_STEP][PASSED] - click(findTestObject("GBMS Home Page Dropdowns/Outgoing Invoice Search Option")): Object: 'Object Repository/GBMS Home Page Dropdowns/Outgoing Invoice Search Option' is clicked on

2019-04-12 09:59:49 - [MESSAGE][PASSED] - Object: 'Object Repository/GBMS Home Page Dropdowns/Outgoing Invoice Search Option' is clicked on

2019-04-12 09:59:49 - [TEST_STEP][PASSED] - waitForPageLoad(0): Wait for page load successfully

2019-04-12 09:59:49 - [MESSAGE][WARNING] - Timeout '0' is invalid. Using default page load timeout: '30'

2019-04-12 09:59:49 - [MESSAGE][PASSED] - Wait for page load successfully

2019-04-12 09:59:49 - [TEST_STEP][PASSED] - verifyElementVisible(findTestObject("Outgoing Invoice Search/Outgoing Invoice Search Header")): Object 'Object Repository/Outgoing Invoice Search/Outgoing Invoice Search Header' is visible

2019-04-12 09:59:49 - [MESSAGE][PASSED] - Object 'Object Repository/Outgoing Invoice Search/Outgoing Invoice Search Header' is visible

2019-04-12 09:59:49 - [TEST_STEP][PASSED] - verifyElementVisible(findTestObject("Outgoing Invoice Search/Search Results Header")): Object 'Object Repository/Outgoing Invoice Search/Search Results Header' is visible

2019-04-12 09:59:49 - [MESSAGE][PASSED] - Object 'Object Repository/Outgoing Invoice Search/Search Results Header' is visible

2019-04-12 09:59:49 - [TEST_STEP][PASSED] - back(): Navigate back successfully

2019-04-12 09:59:50 - [MESSAGE][PASSED] - Navigate back successfully

2019-04-12 09:59:50 - [TEST_STEP][PASSED] - waitForPageLoad(0): Wait for page load successfully

2019-04-12 09:59:50 - [MESSAGE][WARNING] - Timeout '0' is invalid. Using default page load timeout: '30'

2019-04-12 09:59:50 - [MESSAGE][PASSED] - Wait for page load successfully

2019-04-12 09:59:50 - [TEST_STEP][PASSED] - verifyElementVisible(findTestObject("GBMS Home Page Dropdowns/Accounting Dropdown")): Object 'Object Repository/GBMS Home Page Dropdowns/Accounting Dropdown' is visible

2019-04-12 09:59:50 - [MESSAGE][PASSED] - Object 'Object Repository/GBMS Home Page Dropdowns/Accounting Dropdown' is visible

2019-04-12 09:59:50 - [TEST_STEP][PASSED] - click(findTestObject("GBMS Home Page Dropdowns/Accounting Dropdown")): Object: 'Object Repository/GBMS Home Page Dropdowns/Accounting Dropdown' is clicked on

2019-04-12 09:59:50 - [MESSAGE][PASSED] - Object: 'Object Repository/GBMS Home Page Dropdowns/Accounting Dropdown' is clicked on

2019-04-12 09:59:50 - [TEST_STEP][PASSED] - click(findTestObject("GBMS Home Page Dropdowns/Invoice Response Progress Option")): Object: 'Object Repository/GBMS Home Page Dropdowns/Invoice Response Progress Option' is clicked on

2019-04-12 09:59:52 - [MESSAGE][PASSED] - Object: 'Object Repository/GBMS Home Page Dropdowns/Invoice Response Progress Option' is clicked on

2019-04-12 09:59:52 - [TEST_STEP][PASSED] - waitForElementVisible(findTestObject("Invoice Responses In Progress/Invoice Response Progress Table"), 0): Object 'Object Repository/Invoice Responses In Progress/Invoice Response Progress Table' is visible

2019-04-12 09:59:52 - [MESSAGE][WARNING] - Timeout '0' is invalid. Using default page load timeout: '30'

2019-04-12 09:59:52 - [MESSAGE][PASSED] - Object 'Object Repository/Invoice Responses In Progress/Invoice Response Progress Table' is visible

2019-04-12 09:59:52 - [TEST_STEP][PASSED] - waitForPageLoad(0): Wait for page load successfully

2019-04-12 09:59:52 - [MESSAGE][WARNING] - Timeout '0' is invalid. Using default page load timeout: '30'

2019-04-12 09:59:52 - [MESSAGE][PASSED] - Wait for page load successfully

2019-04-12 09:59:52 - [TEST_STEP][PASSED] - verifyElementVisible(findTestObject("Invoice Responses In Progress/Invoice Responses In Progress Header")): Object 'Object Repository/Invoice Responses In Progress/Invoice Responses In Progress Header' is visible

2019-04-12 09:59:52 - [MESSAGE][PASSED] - Object 'Object Repository/Invoice Responses In Progress/Invoice Responses In Progress Header' is visible

2019-04-12 09:59:52 - [TEST_STEP][PASSED] - verifyElementVisible(findTestObject("Invoice Responses In Progress/Outgoing CBA Letters Header")): Object 'Object Repository/Invoice Responses In Progress/Outgoing CBA Letters Header' is visible

2019-04-12 09:59:52 - [MESSAGE][PASSED] - Object 'Object Repository/Invoice Responses In Progress/Outgoing CBA Letters Header' is visible

2019-04-12 09:59:52 - [TEST_STEP][PASSED] - back(): Navigate back successfully

2019-04-12 09:59:52 - [MESSAGE][PASSED] - Navigate back successfully

2019-04-12 09:59:52 - [TEST_STEP][PASSED] - waitForPageLoad(0): Wait for page load successfully

2019-04-12 09:59:52 - [MESSAGE][WARNING] - Timeout '0' is invalid. Using default page load timeout: '30'

2019-04-12 09:59:52 - [MESSAGE][PASSED] - Wait for page load successfully

2019-04-12 09:59:52 - [TEST_STEP][PASSED] - verifyElementVisible(findTestObject("GBMS Home Page/GBX Logo")): Object 'Object Repository/GBMS Home Page/GBX Logo' is visible

2019-04-12 09:59:52 - [MESSAGE][PASSED] - Object 'Object Repository/GBMS Home Page/GBX Logo' is visible

2019-04-12 09:59:52 - [TEST_STEP][PASSED] - closeBrowser(): Browser is closed

2019-04-12 09:59:53 - [MESSAGE][PASSED] - Browser is closed]]></system-out>
         <system-err><![CDATA[]]></system-err>
      </testcase>
      <testcase name="Test Cases/ScreenCrawl/ScreenCrawlAssets" classname="Test Cases/ScreenCrawl/ScreenCrawlAssets" status="PASSED">
         <system-out><![CDATA[2019-04-12 09:59:55 - [TEST_CASE][PASSED] - Test Cases/ScreenCrawl/ScreenCrawlAssets: Test Cases/ScreenCrawl/ScreenCrawlAssets

2019-04-12 09:59:55 - [TEST_STEP][PASSED] - openBrowser(""): Browser is opened with url: ''

2019-04-12 09:59:55 - [MESSAGE][INFO] - Starting 'Chrome' driver

2019-04-12 09:59:59 - [MESSAGE][PASSED] - Browser is opened with url: ''

2019-04-12 09:59:59 - [TEST_STEP][PASSED] - deleteAllCookies(): Delete all cookies successfully

2019-04-12 09:59:59 - [MESSAGE][PASSED] - Delete all cookies successfully

2019-04-12 09:59:59 - [TEST_STEP][PASSED] - maximizeWindow(): Current window maximized

2019-04-12 10:00:00 - [MESSAGE][PASSED] - Current window maximized

2019-04-12 10:00:00 - [TEST_STEP][PASSED] - navigateToUrl("http://enspire-qa.gbrx.com/"): Navigate to 'http://enspire-qa.gbrx.com/' successfully

2019-04-12 10:00:01 - [MESSAGE][PASSED] - Navigate to 'http://enspire-qa.gbrx.com/' successfully

2019-04-12 10:00:01 - [TEST_STEP][PASSED] - waitForPageLoad(0): Wait for page load successfully

2019-04-12 10:00:01 - [MESSAGE][WARNING] - Timeout '0' is invalid. Using default page load timeout: '30'

2019-04-12 10:00:01 - [MESSAGE][PASSED] - Wait for page load successfully

2019-04-12 10:00:01 - [TEST_STEP][PASSED] - sendKeys(findTestObject("Login Page/Username Field"), ScreenCrawlUser): Keys 'GMS/ScreenCrawlAllRoles' sent to object: 'Object Repository/Login Page/Username Field'

2019-04-12 10:00:01 - [MESSAGE][PASSED] - Keys 'GMS/ScreenCrawlAllRoles' sent to object: 'Object Repository/Login Page/Username Field'

2019-04-12 10:00:01 - [TEST_STEP][PASSED] - sendKeys(findTestObject("Login Page/Password Field"), ScreenCrawlPass): Keys '123456789' sent to object: 'Object Repository/Login Page/Password Field'

2019-04-12 10:00:01 - [MESSAGE][PASSED] - Keys '123456789' sent to object: 'Object Repository/Login Page/Password Field'

2019-04-12 10:00:01 - [TEST_STEP][PASSED] - click(findTestObject("Login Page/Login Button")): Object: 'Object Repository/Login Page/Login Button' is clicked on

2019-04-12 10:00:04 - [MESSAGE][PASSED] - Object: 'Object Repository/Login Page/Login Button' is clicked on

2019-04-12 10:00:04 - [TEST_STEP][PASSED] - waitForPageLoad(0): Wait for page load successfully

2019-04-12 10:00:04 - [MESSAGE][WARNING] - Timeout '0' is invalid. Using default page load timeout: '30'

2019-04-12 10:00:04 - [MESSAGE][PASSED] - Wait for page load successfully

2019-04-12 10:00:04 - [TEST_STEP][PASSED] - verifyElementVisible(findTestObject("GBMS Home Page/Assets"), STOP_ON_FAILURE): Object 'Object Repository/GBMS Home Page/Assets' is visible

2019-04-12 10:00:04 - [MESSAGE][PASSED] - Object 'Object Repository/GBMS Home Page/Assets' is visible

2019-04-12 10:00:04 - [TEST_STEP][PASSED] - click(findTestObject("GBMS Home Page/button_Report Repository")): Object: 'Object Repository/GBMS Home Page/button_Report Repository' is clicked on

2019-04-12 10:00:07 - [MESSAGE][PASSED] - Object: 'Object Repository/GBMS Home Page/button_Report Repository' is clicked on

2019-04-12 10:00:07 - [TEST_STEP][PASSED] - waitForPageLoad(0): Wait for page load successfully

2019-04-12 10:00:07 - [MESSAGE][WARNING] - Timeout '0' is invalid. Using default page load timeout: '30'

2019-04-12 10:00:07 - [MESSAGE][PASSED] - Wait for page load successfully

2019-04-12 10:00:07 - [TEST_STEP][PASSED] - verifyElementVisible(findTestObject("Report Repository/Search Results")): Object 'Object Repository/Report Repository/Search Results' is visible

2019-04-12 10:00:07 - [MESSAGE][PASSED] - Object 'Object Repository/Report Repository/Search Results' is visible

2019-04-12 10:00:07 - [TEST_STEP][PASSED] - verifyElementVisible(findTestObject("Report Repository/Report Repository Search Header"), STOP_ON_FAILURE): Object 'Object Repository/Report Repository/Report Repository Search Header' is visible

2019-04-12 10:00:07 - [MESSAGE][PASSED] - Object 'Object Repository/Report Repository/Report Repository Search Header' is visible

2019-04-12 10:00:07 - [TEST_STEP][PASSED] - back(): Navigate back successfully

2019-04-12 10:00:08 - [MESSAGE][PASSED] - Navigate back successfully

2019-04-12 10:00:08 - [TEST_STEP][PASSED] - waitForPageLoad(0): Wait for page load successfully

2019-04-12 10:00:08 - [MESSAGE][WARNING] - Timeout '0' is invalid. Using default page load timeout: '30'

2019-04-12 10:00:08 - [MESSAGE][PASSED] - Wait for page load successfully

2019-04-12 10:00:08 - [TEST_STEP][PASSED] - verifyElementVisible(findTestObject("GBMS Home Page/Assets"), STOP_ON_FAILURE): Object 'Object Repository/GBMS Home Page/Assets' is visible

2019-04-12 10:00:08 - [MESSAGE][PASSED] - Object 'Object Repository/GBMS Home Page/Assets' is visible

2019-04-12 10:00:08 - [TEST_STEP][PASSED] - click(findTestObject("GBMS Home Page/button_Shop Forms")): Object: 'Object Repository/GBMS Home Page/button_Shop Forms' is clicked on

2019-04-12 10:00:11 - [MESSAGE][PASSED] - Object: 'Object Repository/GBMS Home Page/button_Shop Forms' is clicked on

2019-04-12 10:00:11 - [TEST_STEP][PASSED] - waitForPageLoad(0): Wait for page load successfully

2019-04-12 10:00:11 - [MESSAGE][WARNING] - Timeout '0' is invalid. Using default page load timeout: '30'

2019-04-12 10:00:11 - [MESSAGE][PASSED] - Wait for page load successfully

2019-04-12 10:00:11 - [TEST_STEP][PASSED] - verifyElementVisible(findTestObject("Object Repository/Shop Reference Documents/Shop Reference Documents")): Object 'Object Repository/Shop Reference Documents/Shop Reference Documents' is visible

2019-04-12 10:00:11 - [MESSAGE][PASSED] - Object 'Object Repository/Shop Reference Documents/Shop Reference Documents' is visible

2019-04-12 10:00:11 - [TEST_STEP][PASSED] - verifyElementVisible(findTestObject("Shop Reference Documents/button_Clear Filter")): Object 'Object Repository/Shop Reference Documents/button_Clear Filter' is visible

2019-04-12 10:00:12 - [MESSAGE][PASSED] - Object 'Object Repository/Shop Reference Documents/button_Clear Filter' is visible

2019-04-12 10:00:12 - [TEST_STEP][PASSED] - back(): Navigate back successfully

2019-04-12 10:00:12 - [MESSAGE][PASSED] - Navigate back successfully

2019-04-12 10:00:12 - [TEST_STEP][PASSED] - waitForPageLoad(0): Wait for page load successfully

2019-04-12 10:00:12 - [MESSAGE][WARNING] - Timeout '0' is invalid. Using default page load timeout: '30'

2019-04-12 10:00:12 - [MESSAGE][PASSED] - Wait for page load successfully

2019-04-12 10:00:12 - [TEST_STEP][PASSED] - verifyElementVisible(findTestObject("GBMS Home Page/Assets"), STOP_ON_FAILURE): Object 'Object Repository/GBMS Home Page/Assets' is visible

2019-04-12 10:00:12 - [MESSAGE][PASSED] - Object 'Object Repository/GBMS Home Page/Assets' is visible

2019-04-12 10:00:12 - [TEST_STEP][PASSED] - click(findTestObject("GBMS Home Page/button_Customer Portal")): Object: 'Object Repository/GBMS Home Page/button_Customer Portal' is clicked on

2019-04-12 10:00:18 - [MESSAGE][PASSED] - Object: 'Object Repository/GBMS Home Page/button_Customer Portal' is clicked on

2019-04-12 10:00:18 - [TEST_STEP][PASSED] - waitForPageLoad(0): Wait for page load successfully

2019-04-12 10:00:18 - [MESSAGE][WARNING] - Timeout '0' is invalid. Using default page load timeout: '30'

2019-04-12 10:00:18 - [MESSAGE][PASSED] - Wait for page load successfully

2019-04-12 10:00:18 - [TEST_STEP][PASSED] - back(): Navigate back successfully

2019-04-12 10:00:19 - [MESSAGE][PASSED] - Navigate back successfully

2019-04-12 10:00:19 - [TEST_STEP][PASSED] - waitForPageLoad(0): Wait for page load successfully

2019-04-12 10:00:19 - [MESSAGE][WARNING] - Timeout '0' is invalid. Using default page load timeout: '30'

2019-04-12 10:00:19 - [MESSAGE][PASSED] - Wait for page load successfully

2019-04-12 10:00:19 - [TEST_STEP][PASSED] - verifyElementVisible(findTestObject("GBMS Home Page/Assets"), STOP_ON_FAILURE): Object 'Object Repository/GBMS Home Page/Assets' is visible

2019-04-12 10:00:19 - [MESSAGE][PASSED] - Object 'Object Repository/GBMS Home Page/Assets' is visible

2019-04-12 10:00:19 - [TEST_STEP][PASSED] - closeBrowser(): Browser is closed

2019-04-12 10:00:19 - [MESSAGE][PASSED] - Browser is closed]]></system-out>
         <system-err><![CDATA[]]></system-err>
      </testcase>
      <testcase name="Test Cases/ScreenCrawl/ScreenCrawlAssetsDropdown" classname="Test Cases/ScreenCrawl/ScreenCrawlAssetsDropdown" status="PASSED">
         <system-out><![CDATA[2019-04-12 10:00:21 - [TEST_CASE][PASSED] - Test Cases/ScreenCrawl/ScreenCrawlAssetsDropdown: Test Cases/ScreenCrawl/ScreenCrawlAssetsDropdown

2019-04-12 10:00:22 - [TEST_STEP][PASSED] - openBrowser(""): Browser is opened with url: ''

2019-04-12 10:00:22 - [MESSAGE][INFO] - Starting 'Chrome' driver

2019-04-12 10:00:25 - [MESSAGE][PASSED] - Browser is opened with url: ''

2019-04-12 10:00:25 - [TEST_STEP][PASSED] - deleteAllCookies(): Delete all cookies successfully

2019-04-12 10:00:25 - [MESSAGE][PASSED] - Delete all cookies successfully

2019-04-12 10:00:25 - [TEST_STEP][PASSED] - maximizeWindow(): Current window maximized

2019-04-12 10:00:26 - [MESSAGE][PASSED] - Current window maximized

2019-04-12 10:00:26 - [TEST_STEP][PASSED] - navigateToUrl("http://enspire-qa.gbrx.com/"): Navigate to 'http://enspire-qa.gbrx.com/' successfully

2019-04-12 10:00:27 - [MESSAGE][PASSED] - Navigate to 'http://enspire-qa.gbrx.com/' successfully

2019-04-12 10:00:27 - [TEST_STEP][PASSED] - waitForPageLoad(0): Wait for page load successfully

2019-04-12 10:00:27 - [MESSAGE][WARNING] - Timeout '0' is invalid. Using default page load timeout: '30'

2019-04-12 10:00:27 - [MESSAGE][PASSED] - Wait for page load successfully

2019-04-12 10:00:27 - [TEST_STEP][PASSED] - sendKeys(findTestObject("Login Page/Username Field"), ScreenCrawlUser): Keys 'GMS/ScreenCrawlAllRoles' sent to object: 'Object Repository/Login Page/Username Field'

2019-04-12 10:00:28 - [MESSAGE][PASSED] - Keys 'GMS/ScreenCrawlAllRoles' sent to object: 'Object Repository/Login Page/Username Field'

2019-04-12 10:00:28 - [TEST_STEP][PASSED] - sendKeys(findTestObject("Login Page/Password Field"), ScreenCrawlPass): Keys '123456789' sent to object: 'Object Repository/Login Page/Password Field'

2019-04-12 10:00:28 - [MESSAGE][PASSED] - Keys '123456789' sent to object: 'Object Repository/Login Page/Password Field'

2019-04-12 10:00:28 - [TEST_STEP][PASSED] - click(findTestObject("Login Page/Login Button")): Object: 'Object Repository/Login Page/Login Button' is clicked on

2019-04-12 10:00:30 - [MESSAGE][PASSED] - Object: 'Object Repository/Login Page/Login Button' is clicked on

2019-04-12 10:00:30 - [TEST_STEP][PASSED] - waitForPageLoad(0): Wait for page load successfully

2019-04-12 10:00:30 - [MESSAGE][WARNING] - Timeout '0' is invalid. Using default page load timeout: '30'

2019-04-12 10:00:30 - [MESSAGE][PASSED] - Wait for page load successfully

2019-04-12 10:00:30 - [TEST_STEP][PASSED] - verifyElementVisible(findTestObject("GBMS Home Page/GBX Logo")): Object 'Object Repository/GBMS Home Page/GBX Logo' is visible

2019-04-12 10:00:30 - [MESSAGE][PASSED] - Object 'Object Repository/GBMS Home Page/GBX Logo' is visible

2019-04-12 10:00:30 - [TEST_STEP][PASSED] - verifyElementClickable(findTestObject("GBMS Home Page Dropdowns/Assets Dropdown")): Object 'Object Repository/GBMS Home Page Dropdowns/Assets Dropdown' is clickable

2019-04-12 10:00:31 - [MESSAGE][PASSED] - Object 'Object Repository/GBMS Home Page Dropdowns/Assets Dropdown' is clickable

2019-04-12 10:00:31 - [TEST_STEP][PASSED] - click(findTestObject("GBMS Home Page Dropdowns/Assets Dropdown")): Object: 'Object Repository/GBMS Home Page Dropdowns/Assets Dropdown' is clicked on

2019-04-12 10:00:31 - [MESSAGE][PASSED] - Object: 'Object Repository/GBMS Home Page Dropdowns/Assets Dropdown' is clicked on

2019-04-12 10:00:31 - [TEST_STEP][PASSED] - verifyElementClickable(findTestObject("GBMS Home Page Dropdowns/AssetView 360 Search Option")): Object 'Object Repository/GBMS Home Page Dropdowns/AssetView 360 Search Option' is clickable

2019-04-12 10:00:31 - [MESSAGE][PASSED] - Object 'Object Repository/GBMS Home Page Dropdowns/AssetView 360 Search Option' is clickable

2019-04-12 10:00:31 - [TEST_STEP][PASSED] - click(findTestObject("GBMS Home Page Dropdowns/AssetView 360 Search Option")): Object: 'Object Repository/GBMS Home Page Dropdowns/AssetView 360 Search Option' is clicked on

2019-04-12 10:00:31 - [MESSAGE][PASSED] - Object: 'Object Repository/GBMS Home Page Dropdowns/AssetView 360 Search Option' is clicked on

2019-04-12 10:00:31 - [TEST_STEP][PASSED] - waitForPageLoad(0): Wait for page load successfully

2019-04-12 10:00:31 - [MESSAGE][WARNING] - Timeout '0' is invalid. Using default page load timeout: '30'

2019-04-12 10:00:31 - [MESSAGE][PASSED] - Wait for page load successfully

2019-04-12 10:00:31 - [TEST_STEP][PASSED] - verifyElementVisible(findTestObject("Object Repository/AssetView 360 Search/Asset Mark")): Object 'Object Repository/AssetView 360 Search/Asset Mark' is visible

2019-04-12 10:00:31 - [MESSAGE][PASSED] - Object 'Object Repository/AssetView 360 Search/Asset Mark' is visible

2019-04-12 10:00:31 - [TEST_STEP][PASSED] - back(): Navigate back successfully

2019-04-12 10:00:31 - [MESSAGE][PASSED] - Navigate back successfully

2019-04-12 10:00:31 - [TEST_STEP][PASSED] - waitForPageLoad(0): Wait for page load successfully

2019-04-12 10:00:31 - [MESSAGE][WARNING] - Timeout '0' is invalid. Using default page load timeout: '30'

2019-04-12 10:00:31 - [MESSAGE][PASSED] - Wait for page load successfully

2019-04-12 10:00:31 - [TEST_STEP][PASSED] - verifyElementVisible(findTestObject("GBMS Home Page/GBX Logo")): Object 'Object Repository/GBMS Home Page/GBX Logo' is visible

2019-04-12 10:00:31 - [MESSAGE][PASSED] - Object 'Object Repository/GBMS Home Page/GBX Logo' is visible

2019-04-12 10:00:31 - [TEST_STEP][PASSED] - verifyElementClickable(findTestObject("GBMS Home Page Dropdowns/Assets Dropdown")): Object 'Object Repository/GBMS Home Page Dropdowns/Assets Dropdown' is clickable

2019-04-12 10:00:32 - [MESSAGE][PASSED] - Object 'Object Repository/GBMS Home Page Dropdowns/Assets Dropdown' is clickable

2019-04-12 10:00:32 - [TEST_STEP][PASSED] - click(findTestObject("GBMS Home Page Dropdowns/Assets Dropdown")): Object: 'Object Repository/GBMS Home Page Dropdowns/Assets Dropdown' is clicked on

2019-04-12 10:00:32 - [MESSAGE][PASSED] - Object: 'Object Repository/GBMS Home Page Dropdowns/Assets Dropdown' is clicked on

2019-04-12 10:00:32 - [TEST_STEP][PASSED] - verifyElementClickable(findTestObject("GBMS Home Page Dropdowns/Manage Asset Groups Option")): Object 'Object Repository/GBMS Home Page Dropdowns/Manage Asset Groups Option' is clickable

2019-04-12 10:00:32 - [MESSAGE][PASSED] - Object 'Object Repository/GBMS Home Page Dropdowns/Manage Asset Groups Option' is clickable

2019-04-12 10:00:32 - [TEST_STEP][PASSED] - click(findTestObject("GBMS Home Page Dropdowns/Manage Asset Groups Option")): Object: 'Object Repository/GBMS Home Page Dropdowns/Manage Asset Groups Option' is clicked on

2019-04-12 10:00:32 - [MESSAGE][PASSED] - Object: 'Object Repository/GBMS Home Page Dropdowns/Manage Asset Groups Option' is clicked on

2019-04-12 10:00:32 - [TEST_STEP][PASSED] - waitForPageLoad(0): Wait for page load successfully

2019-04-12 10:00:32 - [MESSAGE][WARNING] - Timeout '0' is invalid. Using default page load timeout: '30'

2019-04-12 10:00:32 - [MESSAGE][PASSED] - Wait for page load successfully

2019-04-12 10:00:32 - [TEST_STEP][PASSED] - verifyElementVisible(findTestObject("Object Repository/Asset Group Search/Asset Group Search")): Object 'Object Repository/Asset Group Search/Asset Group Search' is visible

2019-04-12 10:00:32 - [MESSAGE][PASSED] - Object 'Object Repository/Asset Group Search/Asset Group Search' is visible

2019-04-12 10:00:32 - [TEST_STEP][PASSED] - back(): Navigate back successfully

2019-04-12 10:00:32 - [MESSAGE][PASSED] - Navigate back successfully

2019-04-12 10:00:32 - [TEST_STEP][PASSED] - waitForPageLoad(0): Wait for page load successfully

2019-04-12 10:00:32 - [MESSAGE][WARNING] - Timeout '0' is invalid. Using default page load timeout: '30'

2019-04-12 10:00:32 - [MESSAGE][PASSED] - Wait for page load successfully

2019-04-12 10:00:32 - [TEST_STEP][PASSED] - verifyElementVisible(findTestObject("GBMS Home Page/GBX Logo")): Object 'Object Repository/GBMS Home Page/GBX Logo' is visible

2019-04-12 10:00:32 - [MESSAGE][PASSED] - Object 'Object Repository/GBMS Home Page/GBX Logo' is visible

2019-04-12 10:00:32 - [TEST_STEP][PASSED] - verifyElementClickable(findTestObject("GBMS Home Page Dropdowns/Assets Dropdown")): Object 'Object Repository/GBMS Home Page Dropdowns/Assets Dropdown' is clickable

2019-04-12 10:00:32 - [MESSAGE][PASSED] - Object 'Object Repository/GBMS Home Page Dropdowns/Assets Dropdown' is clickable

2019-04-12 10:00:32 - [TEST_STEP][PASSED] - click(findTestObject("GBMS Home Page Dropdowns/Assets Dropdown")): Object: 'Object Repository/GBMS Home Page Dropdowns/Assets Dropdown' is clicked on

2019-04-12 10:00:32 - [MESSAGE][PASSED] - Object: 'Object Repository/GBMS Home Page Dropdowns/Assets Dropdown' is clicked on

2019-04-12 10:00:32 - [TEST_STEP][PASSED] - verifyElementClickable(findTestObject("GBMS Home Page Dropdowns/Car Spec. Bulk Update Option")): Object 'Object Repository/GBMS Home Page Dropdowns/Car Spec. Bulk Update Option' is clickable

2019-04-12 10:00:32 - [MESSAGE][PASSED] - Object 'Object Repository/GBMS Home Page Dropdowns/Car Spec. Bulk Update Option' is clickable

2019-04-12 10:00:32 - [TEST_STEP][PASSED] - click(findTestObject("GBMS Home Page Dropdowns/Car Spec. Bulk Update Option")): Object: 'Object Repository/GBMS Home Page Dropdowns/Car Spec. Bulk Update Option' is clicked on

2019-04-12 10:00:33 - [MESSAGE][PASSED] - Object: 'Object Repository/GBMS Home Page Dropdowns/Car Spec. Bulk Update Option' is clicked on

2019-04-12 10:00:33 - [TEST_STEP][PASSED] - waitForPageLoad(0): Wait for page load successfully

2019-04-12 10:00:33 - [MESSAGE][WARNING] - Timeout '0' is invalid. Using default page load timeout: '30'

2019-04-12 10:00:33 - [MESSAGE][PASSED] - Wait for page load successfully

2019-04-12 10:00:33 - [TEST_STEP][PASSED] - verifyElementVisible(findTestObject("Object Repository/Car Spec. Bulk Entry - Asset Search/Car Specification Bulk Edit Asset Selection")): Object 'Object Repository/Car Spec. Bulk Entry - Asset Search/Car Specification Bulk Edit Asset Selection' is visible

2019-04-12 10:00:33 - [MESSAGE][PASSED] - Object 'Object Repository/Car Spec. Bulk Entry - Asset Search/Car Specification Bulk Edit Asset Selection' is visible

2019-04-12 10:00:33 - [TEST_STEP][PASSED] - back(): Navigate back successfully

2019-04-12 10:00:33 - [MESSAGE][PASSED] - Navigate back successfully

2019-04-12 10:00:33 - [TEST_STEP][PASSED] - waitForPageLoad(0): Wait for page load successfully

2019-04-12 10:00:33 - [MESSAGE][WARNING] - Timeout '0' is invalid. Using default page load timeout: '30'

2019-04-12 10:00:33 - [MESSAGE][PASSED] - Wait for page load successfully

2019-04-12 10:00:33 - [TEST_STEP][PASSED] - verifyElementVisible(findTestObject("GBMS Home Page/GBX Logo")): Object 'Object Repository/GBMS Home Page/GBX Logo' is visible

2019-04-12 10:00:33 - [MESSAGE][PASSED] - Object 'Object Repository/GBMS Home Page/GBX Logo' is visible

2019-04-12 10:00:33 - [TEST_STEP][PASSED] - verifyElementClickable(findTestObject("GBMS Home Page Dropdowns/Assets Dropdown")): Object 'Object Repository/GBMS Home Page Dropdowns/Assets Dropdown' is clickable

2019-04-12 10:00:33 - [MESSAGE][PASSED] - Object 'Object Repository/GBMS Home Page Dropdowns/Assets Dropdown' is clickable

2019-04-12 10:00:33 - [TEST_STEP][PASSED] - click(findTestObject("GBMS Home Page Dropdowns/Assets Dropdown")): Object: 'Object Repository/GBMS Home Page Dropdowns/Assets Dropdown' is clicked on

2019-04-12 10:00:33 - [MESSAGE][PASSED] - Object: 'Object Repository/GBMS Home Page Dropdowns/Assets Dropdown' is clicked on

2019-04-12 10:00:33 - [TEST_STEP][PASSED] - verifyElementClickable(findTestObject("GBMS Home Page Dropdowns/Clone Asset Specifications Option")): Object 'Object Repository/GBMS Home Page Dropdowns/Clone Asset Specifications Option' is clickable

2019-04-12 10:00:33 - [MESSAGE][PASSED] - Object 'Object Repository/GBMS Home Page Dropdowns/Clone Asset Specifications Option' is clickable

2019-04-12 10:00:33 - [TEST_STEP][PASSED] - click(findTestObject("GBMS Home Page Dropdowns/Clone Asset Specifications Option")): Object: 'Object Repository/GBMS Home Page Dropdowns/Clone Asset Specifications Option' is clicked on

2019-04-12 10:00:34 - [MESSAGE][PASSED] - Object: 'Object Repository/GBMS Home Page Dropdowns/Clone Asset Specifications Option' is clicked on

2019-04-12 10:00:34 - [TEST_STEP][PASSED] - waitForPageLoad(0): Wait for page load successfully

2019-04-12 10:00:34 - [MESSAGE][WARNING] - Timeout '0' is invalid. Using default page load timeout: '30'

2019-04-12 10:00:34 - [MESSAGE][PASSED] - Wait for page load successfully

2019-04-12 10:00:34 - [TEST_STEP][PASSED] - verifyElementVisible(findTestObject("Object Repository/Clone Car Find Assets/Asset to Clone")): Object 'Object Repository/Clone Car Find Assets/Asset to Clone' is visible

2019-04-12 10:00:34 - [MESSAGE][PASSED] - Object 'Object Repository/Clone Car Find Assets/Asset to Clone' is visible

2019-04-12 10:00:34 - [TEST_STEP][PASSED] - back(): Navigate back successfully

2019-04-12 10:00:34 - [MESSAGE][PASSED] - Navigate back successfully

2019-04-12 10:00:34 - [TEST_STEP][PASSED] - waitForPageLoad(0): Wait for page load successfully

2019-04-12 10:00:34 - [MESSAGE][WARNING] - Timeout '0' is invalid. Using default page load timeout: '30'

2019-04-12 10:00:34 - [MESSAGE][PASSED] - Wait for page load successfully

2019-04-12 10:00:34 - [TEST_STEP][PASSED] - verifyElementVisible(findTestObject("GBMS Home Page/GBX Logo")): Object 'Object Repository/GBMS Home Page/GBX Logo' is visible

2019-04-12 10:00:34 - [MESSAGE][PASSED] - Object 'Object Repository/GBMS Home Page/GBX Logo' is visible

2019-04-12 10:00:34 - [TEST_STEP][PASSED] - verifyElementClickable(findTestObject("GBMS Home Page Dropdowns/Assets Dropdown")): Object 'Object Repository/GBMS Home Page Dropdowns/Assets Dropdown' is clickable

2019-04-12 10:00:34 - [MESSAGE][PASSED] - Object 'Object Repository/GBMS Home Page Dropdowns/Assets Dropdown' is clickable

2019-04-12 10:00:34 - [TEST_STEP][PASSED] - click(findTestObject("GBMS Home Page Dropdowns/Assets Dropdown")): Object: 'Object Repository/GBMS Home Page Dropdowns/Assets Dropdown' is clicked on

2019-04-12 10:00:34 - [MESSAGE][PASSED] - Object: 'Object Repository/GBMS Home Page Dropdowns/Assets Dropdown' is clicked on

2019-04-12 10:00:34 - [TEST_STEP][PASSED] - verifyElementClickable(findTestObject("GBMS Home Page Dropdowns/Car Information Search Option")): Object 'Object Repository/GBMS Home Page Dropdowns/Car Information Search Option' is clickable

2019-04-12 10:00:34 - [MESSAGE][PASSED] - Object 'Object Repository/GBMS Home Page Dropdowns/Car Information Search Option' is clickable

2019-04-12 10:00:34 - [TEST_STEP][PASSED] - click(findTestObject("GBMS Home Page Dropdowns/Car Information Search Option")): Object: 'Object Repository/GBMS Home Page Dropdowns/Car Information Search Option' is clicked on

2019-04-12 10:00:41 - [MESSAGE][PASSED] - Object: 'Object Repository/GBMS Home Page Dropdowns/Car Information Search Option' is clicked on

2019-04-12 10:00:41 - [TEST_STEP][PASSED] - waitForPageLoad(0): Wait for page load successfully

2019-04-12 10:00:41 - [MESSAGE][WARNING] - Timeout '0' is invalid. Using default page load timeout: '30'

2019-04-12 10:00:41 - [MESSAGE][PASSED] - Wait for page load successfully

2019-04-12 10:00:41 - [TEST_STEP][PASSED] - verifyElementVisible(findTestObject("Object Repository/Car Information Search/Asset Search")): Object 'Object Repository/Car Information Search/Asset Search' is visible

2019-04-12 10:00:41 - [MESSAGE][PASSED] - Object 'Object Repository/Car Information Search/Asset Search' is visible

2019-04-12 10:00:41 - [TEST_STEP][PASSED] - back(): Navigate back successfully

2019-04-12 10:00:41 - [MESSAGE][PASSED] - Navigate back successfully

2019-04-12 10:00:41 - [TEST_STEP][PASSED] - waitForPageLoad(0): Wait for page load successfully

2019-04-12 10:00:41 - [MESSAGE][WARNING] - Timeout '0' is invalid. Using default page load timeout: '30'

2019-04-12 10:00:41 - [MESSAGE][PASSED] - Wait for page load successfully

2019-04-12 10:00:41 - [TEST_STEP][PASSED] - verifyElementVisible(findTestObject("GBMS Home Page/GBX Logo")): Object 'Object Repository/GBMS Home Page/GBX Logo' is visible

2019-04-12 10:00:41 - [MESSAGE][PASSED] - Object 'Object Repository/GBMS Home Page/GBX Logo' is visible

2019-04-12 10:00:41 - [TEST_STEP][PASSED] - verifyElementClickable(findTestObject("GBMS Home Page Dropdowns/Assets Dropdown")): Object 'Object Repository/GBMS Home Page Dropdowns/Assets Dropdown' is clickable

2019-04-12 10:00:41 - [MESSAGE][PASSED] - Object 'Object Repository/GBMS Home Page Dropdowns/Assets Dropdown' is clickable

2019-04-12 10:00:41 - [TEST_STEP][PASSED] - click(findTestObject("GBMS Home Page Dropdowns/Assets Dropdown")): Object: 'Object Repository/GBMS Home Page Dropdowns/Assets Dropdown' is clicked on

2019-04-12 10:00:41 - [MESSAGE][PASSED] - Object: 'Object Repository/GBMS Home Page Dropdowns/Assets Dropdown' is clicked on

2019-04-12 10:00:41 - [TEST_STEP][PASSED] - verifyElementClickable(findTestObject("GBMS Home Page Dropdowns/Add Notes  Documents Option")): Object 'Object Repository/GBMS Home Page Dropdowns/Add Notes  Documents Option' is clickable

2019-04-12 10:00:41 - [MESSAGE][PASSED] - Object 'Object Repository/GBMS Home Page Dropdowns/Add Notes  Documents Option' is clickable

2019-04-12 10:00:41 - [TEST_STEP][PASSED] - click(findTestObject("GBMS Home Page Dropdowns/Add Notes  Documents Option")): Object: 'Object Repository/GBMS Home Page Dropdowns/Add Notes  Documents Option' is clicked on

2019-04-12 10:00:41 - [MESSAGE][PASSED] - Object: 'Object Repository/GBMS Home Page Dropdowns/Add Notes  Documents Option' is clicked on

2019-04-12 10:00:41 - [TEST_STEP][PASSED] - waitForPageLoad(0): Wait for page load successfully

2019-04-12 10:00:41 - [MESSAGE][WARNING] - Timeout '0' is invalid. Using default page load timeout: '30'

2019-04-12 10:00:41 - [MESSAGE][PASSED] - Wait for page load successfully

2019-04-12 10:00:41 - [TEST_STEP][PASSED] - verifyElementVisible(findTestObject("Object Repository/Add Notes  Documents to Assets/Add Notes  Documents to Assets")): Object 'Object Repository/Add Notes  Documents to Assets/Add Notes  Documents to Assets' is visible

2019-04-12 10:00:41 - [MESSAGE][PASSED] - Object 'Object Repository/Add Notes  Documents to Assets/Add Notes  Documents to Assets' is visible

2019-04-12 10:00:41 - [TEST_STEP][PASSED] - back(): Navigate back successfully

2019-04-12 10:00:42 - [MESSAGE][PASSED] - Navigate back successfully

2019-04-12 10:00:42 - [TEST_STEP][PASSED] - waitForPageLoad(0): Wait for page load successfully

2019-04-12 10:00:42 - [MESSAGE][WARNING] - Timeout '0' is invalid. Using default page load timeout: '30'

2019-04-12 10:00:42 - [MESSAGE][PASSED] - Wait for page load successfully

2019-04-12 10:00:42 - [TEST_STEP][PASSED] - verifyElementVisible(findTestObject("GBMS Home Page/GBX Logo")): Object 'Object Repository/GBMS Home Page/GBX Logo' is visible

2019-04-12 10:00:42 - [MESSAGE][PASSED] - Object 'Object Repository/GBMS Home Page/GBX Logo' is visible

2019-04-12 10:00:42 - [TEST_STEP][PASSED] - verifyElementClickable(findTestObject("GBMS Home Page Dropdowns/Assets Dropdown")): Object 'Object Repository/GBMS Home Page Dropdowns/Assets Dropdown' is clickable

2019-04-12 10:00:42 - [MESSAGE][PASSED] - Object 'Object Repository/GBMS Home Page Dropdowns/Assets Dropdown' is clickable

2019-04-12 10:00:42 - [TEST_STEP][PASSED] - click(findTestObject("GBMS Home Page Dropdowns/Assets Dropdown")): Object: 'Object Repository/GBMS Home Page Dropdowns/Assets Dropdown' is clicked on

2019-04-12 10:00:42 - [MESSAGE][PASSED] - Object: 'Object Repository/GBMS Home Page Dropdowns/Assets Dropdown' is clicked on

2019-04-12 10:00:42 - [TEST_STEP][PASSED] - verifyElementClickable(findTestObject("GBMS Home Page Dropdowns/Shop Forms Option")): Object 'Object Repository/GBMS Home Page Dropdowns/Shop Forms Option' is clickable

2019-04-12 10:00:42 - [MESSAGE][PASSED] - Object 'Object Repository/GBMS Home Page Dropdowns/Shop Forms Option' is clickable

2019-04-12 10:00:42 - [TEST_STEP][PASSED] - click(findTestObject("GBMS Home Page Dropdowns/Shop Forms Option")): Object: 'Object Repository/GBMS Home Page Dropdowns/Shop Forms Option' is clicked on

2019-04-12 10:00:42 - [MESSAGE][PASSED] - Object: 'Object Repository/GBMS Home Page Dropdowns/Shop Forms Option' is clicked on

2019-04-12 10:00:42 - [TEST_STEP][PASSED] - waitForPageLoad(0): Wait for page load successfully

2019-04-12 10:00:42 - [MESSAGE][WARNING] - Timeout '0' is invalid. Using default page load timeout: '30'

2019-04-12 10:00:42 - [MESSAGE][PASSED] - Wait for page load successfully

2019-04-12 10:00:42 - [TEST_STEP][PASSED] - verifyElementVisible(findTestObject("Shop Reference Documents/Shop Reference Documents")): Object 'Object Repository/Shop Reference Documents/Shop Reference Documents' is visible

2019-04-12 10:00:42 - [MESSAGE][PASSED] - Object 'Object Repository/Shop Reference Documents/Shop Reference Documents' is visible

2019-04-12 10:00:42 - [TEST_STEP][PASSED] - back(): Navigate back successfully

2019-04-12 10:00:43 - [MESSAGE][PASSED] - Navigate back successfully

2019-04-12 10:00:43 - [TEST_STEP][PASSED] - waitForPageLoad(0): Wait for page load successfully

2019-04-12 10:00:43 - [MESSAGE][WARNING] - Timeout '0' is invalid. Using default page load timeout: '30'

2019-04-12 10:00:43 - [MESSAGE][PASSED] - Wait for page load successfully

2019-04-12 10:00:43 - [TEST_STEP][PASSED] - verifyElementVisible(findTestObject("GBMS Home Page/GBX Logo")): Object 'Object Repository/GBMS Home Page/GBX Logo' is visible

2019-04-12 10:00:43 - [MESSAGE][PASSED] - Object 'Object Repository/GBMS Home Page/GBX Logo' is visible

2019-04-12 10:00:43 - [TEST_STEP][PASSED] - closeBrowser(): Browser is closed

2019-04-12 10:00:44 - [MESSAGE][PASSED] - Browser is closed]]></system-out>
         <system-err><![CDATA[]]></system-err>
      </testcase>
      <testcase name="Test Cases/ScreenCrawl/ScreenCrawlCarHire" classname="Test Cases/ScreenCrawl/ScreenCrawlCarHire" status="PASSED">
         <system-out><![CDATA[2019-04-12 10:00:46 - [TEST_CASE][PASSED] - Test Cases/ScreenCrawl/ScreenCrawlCarHire: Test Cases/ScreenCrawl/ScreenCrawlCarHire

2019-04-12 10:00:46 - [TEST_STEP][PASSED] - openBrowser(""): Browser is opened with url: ''

2019-04-12 10:00:46 - [MESSAGE][INFO] - Starting 'Chrome' driver

2019-04-12 10:00:49 - [MESSAGE][PASSED] - Browser is opened with url: ''

2019-04-12 10:00:49 - [TEST_STEP][PASSED] - deleteAllCookies(): Delete all cookies successfully

2019-04-12 10:00:49 - [MESSAGE][PASSED] - Delete all cookies successfully

2019-04-12 10:00:49 - [TEST_STEP][PASSED] - maximizeWindow(): Current window maximized

2019-04-12 10:00:50 - [MESSAGE][PASSED] - Current window maximized

2019-04-12 10:00:50 - [TEST_STEP][PASSED] - navigateToUrl("http://enspire-qa.gbrx.com/"): Navigate to 'http://enspire-qa.gbrx.com/' successfully

2019-04-12 10:00:52 - [MESSAGE][PASSED] - Navigate to 'http://enspire-qa.gbrx.com/' successfully

2019-04-12 10:00:52 - [TEST_STEP][PASSED] - waitForPageLoad(0): Wait for page load successfully

2019-04-12 10:00:52 - [MESSAGE][WARNING] - Timeout '0' is invalid. Using default page load timeout: '30'

2019-04-12 10:00:52 - [MESSAGE][PASSED] - Wait for page load successfully

2019-04-12 10:00:52 - [TEST_STEP][PASSED] - sendKeys(findTestObject("Login Page/Username Field"), ScreenCrawlUser): Keys 'GMS/ScreenCrawlAllRoles' sent to object: 'Object Repository/Login Page/Username Field'

2019-04-12 10:00:52 - [MESSAGE][PASSED] - Keys 'GMS/ScreenCrawlAllRoles' sent to object: 'Object Repository/Login Page/Username Field'

2019-04-12 10:00:52 - [TEST_STEP][PASSED] - sendKeys(findTestObject("Login Page/Password Field"), ScreenCrawlPass): Keys '123456789' sent to object: 'Object Repository/Login Page/Password Field'

2019-04-12 10:00:52 - [MESSAGE][PASSED] - Keys '123456789' sent to object: 'Object Repository/Login Page/Password Field'

2019-04-12 10:00:52 - [TEST_STEP][PASSED] - click(findTestObject("Login Page/Login Button")): Object: 'Object Repository/Login Page/Login Button' is clicked on

2019-04-12 10:00:53 - [MESSAGE][PASSED] - Object: 'Object Repository/Login Page/Login Button' is clicked on

2019-04-12 10:00:53 - [TEST_STEP][PASSED] - waitForPageLoad(0): Wait for page load successfully

2019-04-12 10:00:53 - [MESSAGE][WARNING] - Timeout '0' is invalid. Using default page load timeout: '30'

2019-04-12 10:00:53 - [MESSAGE][PASSED] - Wait for page load successfully

2019-04-12 10:00:53 - [TEST_STEP][PASSED] - verifyElementVisible(findTestObject("GBMS Home Page/GBX Logo")): Object 'Object Repository/GBMS Home Page/GBX Logo' is visible

2019-04-12 10:00:53 - [MESSAGE][PASSED] - Object 'Object Repository/GBMS Home Page/GBX Logo' is visible

2019-04-12 10:00:53 - [TEST_STEP][NOT_RUN] - click(findTestObject("GBMS Home Page/button_Payables")): NOT_RUN: click(findTestObject("GBMS Home Page/button_Payables"))

2019-04-12 10:00:53 - [MESSAGE][NOT_RUN] - NOT_RUN: click(findTestObject("GBMS Home Page/button_Payables"))

2019-04-12 10:00:53 - [TEST_STEP][NOT_RUN] - waitForPageLoad(0): NOT_RUN: waitForPageLoad(0)

2019-04-12 10:00:53 - [MESSAGE][NOT_RUN] - NOT_RUN: waitForPageLoad(0)

2019-04-12 10:00:53 - [TEST_STEP][NOT_RUN] - switchToWindowTitle("cc.gbrx.com"): NOT_RUN: switchToWindowTitle("cc.gbrx.com")

2019-04-12 10:00:53 - [MESSAGE][NOT_RUN] - NOT_RUN: switchToWindowTitle("cc.gbrx.com")

2019-04-12 10:00:53 - [TEST_STEP][NOT_RUN] - delay(3): NOT_RUN: delay(3)

2019-04-12 10:00:53 - [MESSAGE][NOT_RUN] - NOT_RUN: delay(3)

2019-04-12 10:00:53 - [TEST_STEP][NOT_RUN] - back(): NOT_RUN: back()

2019-04-12 10:00:53 - [MESSAGE][NOT_RUN] - NOT_RUN: back()

2019-04-12 10:00:53 - [TEST_STEP][NOT_RUN] - waitForPageLoad(0): NOT_RUN: waitForPageLoad(0)

2019-04-12 10:00:53 - [MESSAGE][NOT_RUN] - NOT_RUN: waitForPageLoad(0)

2019-04-12 10:00:53 - [TEST_STEP][NOT_RUN] - verifyElementVisible(findTestObject("GBMS Home Page/GBX Logo")): NOT_RUN: verifyElementVisible(findTestObject("GBMS Home Page/GBX Logo"))

2019-04-12 10:00:53 - [MESSAGE][NOT_RUN] - NOT_RUN: verifyElementVisible(findTestObject("GBMS Home Page/GBX Logo"))

2019-04-12 10:00:53 - [TEST_STEP][PASSED] - verifyElementClickable(findTestObject("GBMS Home Page/button_Reclaim Validation")): Object 'Object Repository/GBMS Home Page/button_Reclaim Validation' is clickable

2019-04-12 10:00:53 - [MESSAGE][PASSED] - Object 'Object Repository/GBMS Home Page/button_Reclaim Validation' is clickable

2019-04-12 10:00:53 - [TEST_STEP][PASSED] - click(findTestObject("GBMS Home Page/button_Reclaim Validation")): Object: 'Object Repository/GBMS Home Page/button_Reclaim Validation' is clicked on

2019-04-12 10:01:03 - [MESSAGE][PASSED] - Object: 'Object Repository/GBMS Home Page/button_Reclaim Validation' is clicked on

2019-04-12 10:01:03 - [TEST_STEP][PASSED] - waitForPageLoad(0): Wait for page load successfully

2019-04-12 10:01:03 - [MESSAGE][WARNING] - Timeout '0' is invalid. Using default page load timeout: '30'

2019-04-12 10:01:03 - [MESSAGE][PASSED] - Wait for page load successfully

2019-04-12 10:01:03 - [TEST_STEP][PASSED] - waitForElementVisible(findTestObject("Object Repository/Reclaim Validation Candidate Dashboard/Search Section"), 0): Object 'Object Repository/Reclaim Validation Candidate Dashboard/Search Section' is visible

2019-04-12 10:01:03 - [MESSAGE][WARNING] - Timeout '0' is invalid. Using default page load timeout: '30'

2019-04-12 10:01:03 - [MESSAGE][PASSED] - Object 'Object Repository/Reclaim Validation Candidate Dashboard/Search Section' is visible

2019-04-12 10:01:03 - [TEST_STEP][PASSED] - back(): Navigate back successfully

2019-04-12 10:01:03 - [MESSAGE][PASSED] - Navigate back successfully

2019-04-12 10:01:03 - [TEST_STEP][PASSED] - waitForPageLoad(0): Wait for page load successfully

2019-04-12 10:01:03 - [MESSAGE][WARNING] - Timeout '0' is invalid. Using default page load timeout: '30'

2019-04-12 10:01:03 - [MESSAGE][PASSED] - Wait for page load successfully

2019-04-12 10:01:03 - [TEST_STEP][PASSED] - verifyElementVisible(findTestObject("GBMS Home Page/GBX Logo")): Object 'Object Repository/GBMS Home Page/GBX Logo' is visible

2019-04-12 10:01:03 - [MESSAGE][PASSED] - Object 'Object Repository/GBMS Home Page/GBX Logo' is visible

2019-04-12 10:01:03 - [TEST_STEP][PASSED] - click(findTestObject("GBMS Home Page/button_Reporting Dashboard")): Object: 'Object Repository/GBMS Home Page/button_Reporting Dashboard' is clicked on

2019-04-12 10:01:03 - [MESSAGE][PASSED] - Object: 'Object Repository/GBMS Home Page/button_Reporting Dashboard' is clicked on

2019-04-12 10:01:03 - [TEST_STEP][PASSED] - waitForPageLoad(0): Wait for page load successfully

2019-04-12 10:01:03 - [MESSAGE][WARNING] - Timeout '0' is invalid. Using default page load timeout: '30'

2019-04-12 10:01:03 - [MESSAGE][PASSED] - Wait for page load successfully

2019-04-12 10:01:03 - [TEST_STEP][PASSED] - waitForElementVisible(findTestObject("Object Repository/Reporting Dashboard/Report Parameters"), 0): Object 'Object Repository/Reporting Dashboard/Report Parameters' is visible

2019-04-12 10:01:03 - [MESSAGE][WARNING] - Timeout '0' is invalid. Using default page load timeout: '30'

2019-04-12 10:01:03 - [MESSAGE][PASSED] - Object 'Object Repository/Reporting Dashboard/Report Parameters' is visible

2019-04-12 10:01:03 - [TEST_STEP][PASSED] - back(): Navigate back successfully

2019-04-12 10:01:04 - [MESSAGE][PASSED] - Navigate back successfully

2019-04-12 10:01:04 - [TEST_STEP][PASSED] - waitForPageLoad(0): Wait for page load successfully

2019-04-12 10:01:04 - [MESSAGE][WARNING] - Timeout '0' is invalid. Using default page load timeout: '30'

2019-04-12 10:01:04 - [MESSAGE][PASSED] - Wait for page load successfully

2019-04-12 10:01:04 - [TEST_STEP][PASSED] - verifyElementVisible(findTestObject("GBMS Home Page/GBX Logo")): Object 'Object Repository/GBMS Home Page/GBX Logo' is visible

2019-04-12 10:01:04 - [MESSAGE][PASSED] - Object 'Object Repository/GBMS Home Page/GBX Logo' is visible

2019-04-12 10:01:04 - [TEST_STEP][PASSED] - click(findTestObject("GBMS Home Page/button_Claims Management")): Object: 'Object Repository/GBMS Home Page/button_Claims Management' is clicked on

2019-04-12 10:01:10 - [MESSAGE][PASSED] - Object: 'Object Repository/GBMS Home Page/button_Claims Management' is clicked on

2019-04-12 10:01:10 - [TEST_STEP][PASSED] - waitForPageLoad(0): Wait for page load successfully

2019-04-12 10:01:10 - [MESSAGE][WARNING] - Timeout '0' is invalid. Using default page load timeout: '30'

2019-04-12 10:01:10 - [MESSAGE][PASSED] - Wait for page load successfully

2019-04-12 10:01:10 - [TEST_STEP][PASSED] - waitForElementVisible(findTestObject("Object Repository/Process Claims/Search Parameters"), 0): Object 'Object Repository/Process Claims/Search Parameters' is visible

2019-04-12 10:01:10 - [MESSAGE][WARNING] - Timeout '0' is invalid. Using default page load timeout: '30'

2019-04-12 10:01:10 - [MESSAGE][PASSED] - Object 'Object Repository/Process Claims/Search Parameters' is visible

2019-04-12 10:01:10 - [TEST_STEP][PASSED] - waitForElementVisible(findTestObject("Object Repository/Process Claims/ReceiptReporting Dates"), 0): Object 'Object Repository/Process Claims/ReceiptReporting Dates' is visible

2019-04-12 10:01:10 - [MESSAGE][WARNING] - Timeout '0' is invalid. Using default page load timeout: '30'

2019-04-12 10:01:10 - [MESSAGE][PASSED] - Object 'Object Repository/Process Claims/ReceiptReporting Dates' is visible

2019-04-12 10:01:10 - [TEST_STEP][PASSED] - waitForElementVisible(findTestObject("Object Repository/Process Claims/Claim Search Results"), 0): Object 'Object Repository/Process Claims/Claim Search Results' is visible

2019-04-12 10:01:10 - [MESSAGE][WARNING] - Timeout '0' is invalid. Using default page load timeout: '30'

2019-04-12 10:01:10 - [MESSAGE][PASSED] - Object 'Object Repository/Process Claims/Claim Search Results' is visible

2019-04-12 10:01:10 - [TEST_STEP][PASSED] - back(): Navigate back successfully

2019-04-12 10:01:10 - [MESSAGE][PASSED] - Navigate back successfully

2019-04-12 10:01:10 - [TEST_STEP][PASSED] - waitForPageLoad(0): Wait for page load successfully

2019-04-12 10:01:10 - [MESSAGE][WARNING] - Timeout '0' is invalid. Using default page load timeout: '30'

2019-04-12 10:01:10 - [MESSAGE][PASSED] - Wait for page load successfully

2019-04-12 10:01:10 - [TEST_STEP][PASSED] - verifyElementVisible(findTestObject("GBMS Home Page/GBX Logo")): Object 'Object Repository/GBMS Home Page/GBX Logo' is visible

2019-04-12 10:01:10 - [MESSAGE][PASSED] - Object 'Object Repository/GBMS Home Page/GBX Logo' is visible

2019-04-12 10:01:10 - [TEST_STEP][PASSED] - closeBrowser(): Browser is closed

2019-04-12 10:01:11 - [MESSAGE][PASSED] - Browser is closed]]></system-out>
         <system-err><![CDATA[]]></system-err>
      </testcase>
      <testcase name="Test Cases/ScreenCrawl/ScreenCrawlClaimsDropdown" classname="Test Cases/ScreenCrawl/ScreenCrawlClaimsDropdown" status="PASSED">
         <system-out><![CDATA[2019-04-12 10:01:13 - [TEST_CASE][PASSED] - Test Cases/ScreenCrawl/ScreenCrawlClaimsDropdown: Test Cases/ScreenCrawl/ScreenCrawlClaimsDropdown

2019-04-12 10:01:13 - [TEST_STEP][PASSED] - openBrowser(""): Browser is opened with url: ''

2019-04-12 10:01:13 - [MESSAGE][INFO] - Starting 'Chrome' driver

2019-04-12 10:01:17 - [MESSAGE][PASSED] - Browser is opened with url: ''

2019-04-12 10:01:17 - [TEST_STEP][PASSED] - deleteAllCookies(): Delete all cookies successfully

2019-04-12 10:01:17 - [MESSAGE][PASSED] - Delete all cookies successfully

2019-04-12 10:01:17 - [TEST_STEP][PASSED] - maximizeWindow(): Current window maximized

2019-04-12 10:01:18 - [MESSAGE][PASSED] - Current window maximized

2019-04-12 10:01:18 - [TEST_STEP][PASSED] - navigateToUrl("http://enspire-qa.gbrx.com/"): Navigate to 'http://enspire-qa.gbrx.com/' successfully

2019-04-12 10:01:19 - [MESSAGE][PASSED] - Navigate to 'http://enspire-qa.gbrx.com/' successfully

2019-04-12 10:01:19 - [TEST_STEP][PASSED] - waitForPageLoad(0): Wait for page load successfully

2019-04-12 10:01:19 - [MESSAGE][WARNING] - Timeout '0' is invalid. Using default page load timeout: '30'

2019-04-12 10:01:19 - [MESSAGE][PASSED] - Wait for page load successfully

2019-04-12 10:01:19 - [TEST_STEP][PASSED] - sendKeys(findTestObject("Login Page/Username Field"), ScreenCrawlUser): Keys 'GMS/ScreenCrawlAllRoles' sent to object: 'Object Repository/Login Page/Username Field'

2019-04-12 10:01:19 - [MESSAGE][PASSED] - Keys 'GMS/ScreenCrawlAllRoles' sent to object: 'Object Repository/Login Page/Username Field'

2019-04-12 10:01:19 - [TEST_STEP][PASSED] - sendKeys(findTestObject("Login Page/Password Field"), ScreenCrawlPass): Keys '123456789' sent to object: 'Object Repository/Login Page/Password Field'

2019-04-12 10:01:19 - [MESSAGE][PASSED] - Keys '123456789' sent to object: 'Object Repository/Login Page/Password Field'

2019-04-12 10:01:19 - [TEST_STEP][PASSED] - click(findTestObject("Login Page/Login Button")): Object: 'Object Repository/Login Page/Login Button' is clicked on

2019-04-12 10:01:20 - [MESSAGE][PASSED] - Object: 'Object Repository/Login Page/Login Button' is clicked on

2019-04-12 10:01:20 - [TEST_STEP][PASSED] - waitForPageLoad(0): Wait for page load successfully

2019-04-12 10:01:20 - [MESSAGE][WARNING] - Timeout '0' is invalid. Using default page load timeout: '30'

2019-04-12 10:01:20 - [MESSAGE][PASSED] - Wait for page load successfully

2019-04-12 10:01:20 - [TEST_STEP][PASSED] - verifyElementVisible(findTestObject("GBMS Home Page/GBX Logo")): Object 'Object Repository/GBMS Home Page/GBX Logo' is visible

2019-04-12 10:01:20 - [MESSAGE][PASSED] - Object 'Object Repository/GBMS Home Page/GBX Logo' is visible

2019-04-12 10:01:20 - [TEST_STEP][PASSED] - verifyElementClickable(findTestObject("Object Repository/GBMS Home Page Dropdowns/Claims Dropdown")): Object 'Object Repository/GBMS Home Page Dropdowns/Claims Dropdown' is clickable

2019-04-12 10:01:20 - [MESSAGE][PASSED] - Object 'Object Repository/GBMS Home Page Dropdowns/Claims Dropdown' is clickable

2019-04-12 10:01:20 - [TEST_STEP][PASSED] - click(findTestObject("Object Repository/GBMS Home Page Dropdowns/Claims Dropdown")): Object: 'Object Repository/GBMS Home Page Dropdowns/Claims Dropdown' is clicked on

2019-04-12 10:01:20 - [MESSAGE][PASSED] - Object: 'Object Repository/GBMS Home Page Dropdowns/Claims Dropdown' is clicked on

2019-04-12 10:01:20 - [TEST_STEP][PASSED] - verifyElementClickable(findTestObject("Object Repository/GBMS Home Page Dropdowns/Process Claims Dropdown Option")): Object 'Object Repository/GBMS Home Page Dropdowns/Process Claims Dropdown Option' is clickable

2019-04-12 10:01:20 - [MESSAGE][PASSED] - Object 'Object Repository/GBMS Home Page Dropdowns/Process Claims Dropdown Option' is clickable

2019-04-12 10:01:20 - [TEST_STEP][PASSED] - click(findTestObject("Object Repository/GBMS Home Page Dropdowns/Process Claims Dropdown Option")): Object: 'Object Repository/GBMS Home Page Dropdowns/Process Claims Dropdown Option' is clicked on

2019-04-12 10:01:21 - [MESSAGE][PASSED] - Object: 'Object Repository/GBMS Home Page Dropdowns/Process Claims Dropdown Option' is clicked on

2019-04-12 10:01:21 - [TEST_STEP][PASSED] - waitForPageLoad(0): Wait for page load successfully

2019-04-12 10:01:21 - [MESSAGE][WARNING] - Timeout '0' is invalid. Using default page load timeout: '30'

2019-04-12 10:01:21 - [MESSAGE][PASSED] - Wait for page load successfully

2019-04-12 10:01:21 - [TEST_STEP][PASSED] - verifyElementVisible(findTestObject("Process Claims/Search Parameters")): Object 'Object Repository/Process Claims/Search Parameters' is visible

2019-04-12 10:01:21 - [MESSAGE][PASSED] - Object 'Object Repository/Process Claims/Search Parameters' is visible

2019-04-12 10:01:21 - [TEST_STEP][PASSED] - verifyElementVisible(findTestObject("Process Claims/ReceiptReporting Dates")): Object 'Object Repository/Process Claims/ReceiptReporting Dates' is visible

2019-04-12 10:01:21 - [MESSAGE][PASSED] - Object 'Object Repository/Process Claims/ReceiptReporting Dates' is visible

2019-04-12 10:01:21 - [TEST_STEP][PASSED] - verifyElementVisible(findTestObject("Process Claims/Claim Search Results")): Object 'Object Repository/Process Claims/Claim Search Results' is visible

2019-04-12 10:01:21 - [MESSAGE][PASSED] - Object 'Object Repository/Process Claims/Claim Search Results' is visible

2019-04-12 10:01:21 - [TEST_STEP][PASSED] - back(): Navigate back successfully

2019-04-12 10:01:22 - [MESSAGE][PASSED] - Navigate back successfully

2019-04-12 10:01:22 - [TEST_STEP][PASSED] - waitForPageLoad(0): Wait for page load successfully

2019-04-12 10:01:22 - [MESSAGE][WARNING] - Timeout '0' is invalid. Using default page load timeout: '30'

2019-04-12 10:01:22 - [MESSAGE][PASSED] - Wait for page load successfully

2019-04-12 10:01:22 - [TEST_STEP][PASSED] - verifyElementVisible(findTestObject("GBMS Home Page/GBX Logo")): Object 'Object Repository/GBMS Home Page/GBX Logo' is visible

2019-04-12 10:01:22 - [MESSAGE][PASSED] - Object 'Object Repository/GBMS Home Page/GBX Logo' is visible

2019-04-12 10:01:22 - [TEST_STEP][PASSED] - verifyElementClickable(findTestObject("GBMS Home Page Dropdowns/Claims Dropdown")): Object 'Object Repository/GBMS Home Page Dropdowns/Claims Dropdown' is clickable

2019-04-12 10:01:22 - [MESSAGE][PASSED] - Object 'Object Repository/GBMS Home Page Dropdowns/Claims Dropdown' is clickable

2019-04-12 10:01:22 - [TEST_STEP][PASSED] - click(findTestObject("GBMS Home Page Dropdowns/Claims Dropdown")): Object: 'Object Repository/GBMS Home Page Dropdowns/Claims Dropdown' is clicked on

2019-04-12 10:01:22 - [MESSAGE][PASSED] - Object: 'Object Repository/GBMS Home Page Dropdowns/Claims Dropdown' is clicked on

2019-04-12 10:01:22 - [TEST_STEP][PASSED] - verifyElementClickable(findTestObject("Object Repository/GBMS Home Page Dropdowns/Reconcile Pay Dropdown Option")): Object 'Object Repository/GBMS Home Page Dropdowns/Reconcile Pay Dropdown Option' is clickable

2019-04-12 10:01:22 - [MESSAGE][PASSED] - Object 'Object Repository/GBMS Home Page Dropdowns/Reconcile Pay Dropdown Option' is clickable

2019-04-12 10:01:22 - [TEST_STEP][PASSED] - click(findTestObject("Object Repository/GBMS Home Page Dropdowns/Reconcile Pay Dropdown Option")): Object: 'Object Repository/GBMS Home Page Dropdowns/Reconcile Pay Dropdown Option' is clicked on

2019-04-12 10:01:22 - [MESSAGE][PASSED] - Object: 'Object Repository/GBMS Home Page Dropdowns/Reconcile Pay Dropdown Option' is clicked on

2019-04-12 10:01:22 - [TEST_STEP][PASSED] - waitForPageLoad(0): Wait for page load successfully

2019-04-12 10:01:22 - [MESSAGE][WARNING] - Timeout '0' is invalid. Using default page load timeout: '30'

2019-04-12 10:01:22 - [MESSAGE][PASSED] - Wait for page load successfully

[...]

2019-04-12 10:03:39 - [MESSAGE][PASSED] - Wait for page load successfully

2019-04-12 10:03:39 - [TEST_STEP][PASSED] - waitForElementVisible(findTestObject("Object Repository/Trip Search/Trip Search"), 0): Object 'Object Repository/Trip Search/Trip Search' is visible

2019-04-12 10:03:39 - [MESSAGE][WARNING] - Timeout '0' is invalid. Using default page load timeout: '30'

2019-04-12 10:03:39 - [MESSAGE][PASSED] - Object 'Object Repository/Trip Search/Trip Search' is visible

2019-04-12 10:03:39 - [TEST_STEP][PASSED] - back(): Navigate back successfully

2019-04-12 10:03:39 - [MESSAGE][PASSED] - Navigate back successfully

2019-04-12 10:03:39 - [TEST_STEP][PASSED] - waitForPageLoad(0): Wait for page load successfully

2019-04-12 10:03:39 - [MESSAGE][WARNING] - Timeout '0' is invalid. Using default page load timeout: '30'

2019-04-12 10:03:39 - [MESSAGE][PASSED] - Wait for page load successfully

2019-04-12 10:03:39 - [TEST_STEP][PASSED] - verifyElementVisible(findTestObject("GBMS Home Page/Visibility  Logistics"), STOP_ON_FAILURE): Object 'Object Repository/GBMS Home Page/Visibility  Logistics' is visible

2019-04-12 10:03:39 - [MESSAGE][PASSED] - Object 'Object Repository/GBMS Home Page/Visibility  Logistics' is visible

2019-04-12 10:03:39 - [TEST_STEP][PASSED] - click(findTestObject("GBMS Home Page/button_Yard Dashboard")): Object: 'Object Repository/GBMS Home Page/button_Yard Dashboard' is clicked on

2019-04-12 10:03:42 - [MESSAGE][PASSED] - Object: 'Object Repository/GBMS Home Page/button_Yard Dashboard' is clicked on

2019-04-12 10:03:42 - [TEST_STEP][PASSED] - waitForPageLoad(0): Wait for page load successfully

2019-04-12 10:03:42 - [MESSAGE][WARNING] - Timeout '0' is invalid. Using default page load timeout: '30'

2019-04-12 10:03:42 - [MESSAGE][PASSED] - Wait for page load successfully

2019-04-12 10:03:42 - [TEST_STEP][FAILED] - waitForElementVisible(findTestObject(null), 0): waitForElementVisible(findTestObject(null), 0) FAILED.
Reason:
com.kms.katalon.core.exception.StepFailedException: Unable to wait for object to be visible
	at com.kms.katalon.core.keyword.internal.KeywordMain.stepFailed(KeywordMain.groovy:48)
	at com.kms.katalon.core.webui.keyword.internal.WebUIKeywordMain.stepFailed(WebUIKeywordMain.groovy:65)
	at com.kms.katalon.core.webui.keyword.internal.WebUIKeywordMain.runKeyword(WebUIKeywordMain.groovy:27)
	at com.kms.katalon.core.webui.keyword.builtin.WaitForElementVisibleKeyword.waitForElementVisible(WaitForElementVisibleKeyword.groovy:99)
	at com.kms.katalon.core.webui.keyword.builtin.WaitForElementVisibleKeyword.execute(WaitForElementVisibleKeyword.groovy:68)
	at com.kms.katalon.core.keyword.internal.KeywordExecutor.executeKeywordForPlatform(KeywordExecutor.groovy:56)
	at com.kms.katalon.core.webui.keyword.WebUiBuiltInKeywords.waitForElementVisible(WebUiBuiltInKeywords.groovy:434)
	at com.kms.katalon.core.webui.keyword.WebUiBuiltInKeywords$waitForElementVisible$8.call(Unknown Source)
	at ScreenCrawlVisabilityLogistics.run(ScreenCrawlVisabilityLogistics:93)
	at com.kms.katalon.core.main.ScriptEngine.run(ScriptEngine.java:194)
	at com.kms.katalon.core.main.ScriptEngine.runScriptAsRawText(ScriptEngine.java:119)
	at com.kms.katalon.core.main.TestCaseExecutor.runScript(TestCaseExecutor.java:331)
	at com.kms.katalon.core.main.TestCaseExecutor.doExecute(TestCaseExecutor.java:322)
	at com.kms.katalon.core.main.TestCaseExecutor.processExecutionPhase(TestCaseExecutor.java:301)
	at com.kms.katalon.core.main.TestCaseExecutor.accessMainPhase(TestCaseExecutor.java:293)
	at com.kms.katalon.core.main.TestCaseExecutor.execute(TestCaseExecutor.java:227)
	at com.kms.katalon.core.main.TestSuiteExecutor.accessTestCaseMainPhase(TestSuiteExecutor.java:129)
	at com.kms.katalon.core.main.TestSuiteExecutor.accessTestSuiteMainPhase(TestSuiteExecutor.java:112)
	at com.kms.katalon.core.main.TestSuiteExecutor.execute(TestSuiteExecutor.java:81)
	at com.kms.katalon.core.main.TestCaseMain.startTestSuite(TestCaseMain.java:157)
	at com.kms.katalon.core.main.TestCaseMain$startTestSuite$0.call(Unknown Source)
	at TempTestSuite1555084756832.run(TempTestSuite1555084756832.groovy:35)


2019-04-12 10:03:42 - [MESSAGE][WARNING] - Test object id is null

2019-04-12 10:03:42 - [MESSAGE][WARNING] - Test object with id 'Object Repository/' does not exist

2019-04-12 10:03:43 - [MESSAGE][FAILED] - Unable to wait for object to be visible
[[ATTACHMENT|C:\\Users\\patrick.murphy\\git\\KatalonDemo\\Reports\\ScreenCrawl\\ScreenCrawlHappyPath\\20190412_095912\\1555085022770.png]]

2019-04-12 10:03:43 - [MESSAGE][FAILED] - waitForElementVisible(findTestObject(null), 0) FAILED.
Reason:
com.kms.katalon.core.exception.StepFailedException: Unable to wait for object to be visible
	at com.kms.katalon.core.keyword.internal.KeywordMain.stepFailed(KeywordMain.groovy:48)
	at com.kms.katalon.core.webui.keyword.internal.WebUIKeywordMain.stepFailed(WebUIKeywordMain.groovy:65)
	at com.kms.katalon.core.webui.keyword.internal.WebUIKeywordMain.runKeyword(WebUIKeywordMain.groovy:27)
	at com.kms.katalon.core.webui.keyword.builtin.WaitForElementVisibleKeyword.waitForElementVisible(WaitForElementVisibleKeyword.groovy:99)
	at com.kms.katalon.core.webui.keyword.builtin.WaitForElementVisibleKeyword.execute(WaitForElementVisibleKeyword.groovy:68)
	at com.kms.katalon.core.keyword.internal.KeywordExecutor.executeKeywordForPlatform(KeywordExecutor.groovy:56)
	at com.kms.katalon.core.webui.keyword.WebUiBuiltInKeywords.waitForElementVisible(WebUiBuiltInKeywords.groovy:434)
	at com.kms.katalon.core.webui.keyword.WebUiBuiltInKeywords$waitForElementVisible$8.call(Unknown Source)
	at ScreenCrawlVisabilityLogistics.run(ScreenCrawlVisabilityLogistics:93)
	at com.kms.katalon.core.main.ScriptEngine.run(ScriptEngine.java:194)
	at com.kms.katalon.core.main.ScriptEngine.runScriptAsRawText(ScriptEngine.java:119)
	at com.kms.katalon.core.main.TestCaseExecutor.runScript(TestCaseExecutor.java:331)
	at com.kms.katalon.core.main.TestCaseExecutor.doExecute(TestCaseExecutor.java:322)
	at com.kms.katalon.core.main.TestCaseExecutor.processExecutionPhase(TestCaseExecutor.java:301)
	at com.kms.katalon.core.main.TestCaseExecutor.accessMainPhase(TestCaseExecutor.java:293)
	at com.kms.katalon.core.main.TestCaseExecutor.execute(TestCaseExecutor.java:227)
	at com.kms.katalon.core.main.TestSuiteExecutor.accessTestCaseMainPhase(TestSuiteExecutor.java:129)
	at com.kms.katalon.core.main.TestSuiteExecutor.accessTestSuiteMainPhase(TestSuiteExecutor.java:112)
	at com.kms.katalon.core.main.TestSuiteExecutor.execute(TestSuiteExecutor.java:81)
	at com.kms.katalon.core.main.TestCaseMain.startTestSuite(TestCaseMain.java:157)
	at com.kms.katalon.core.main.TestCaseMain$startTestSuite$0.call(Unknown Source)
	at TempTestSuite1555084756832.run(TempTestSuite1555084756832.groovy:35)]]></system-out>
         <system-err><![CDATA[2019-04-12 10:03:28 - [TEST_CASE][FAILED] - Test Cases/ScreenCrawl/ScreenCrawlVisabilityLogistics: Test Cases/ScreenCrawl/ScreenCrawlVisabilityLogistics FAILED.
Reason:
com.kms.katalon.core.exception.StepFailedException: Unable to wait for object to be visible
	at com.kms.katalon.core.keyword.internal.KeywordMain.stepFailed(KeywordMain.groovy:48)
	at com.kms.katalon.core.webui.keyword.internal.WebUIKeywordMain.stepFailed(WebUIKeywordMain.groovy:65)
	at com.kms.katalon.core.webui.keyword.internal.WebUIKeywordMain.runKeyword(WebUIKeywordMain.groovy:27)
	at com.kms.katalon.core.webui.keyword.builtin.WaitForElementVisibleKeyword.waitForElementVisible(WaitForElementVisibleKeyword.groovy:99)
	at com.kms.katalon.core.webui.keyword.builtin.WaitForElementVisibleKeyword.execute(WaitForElementVisibleKeyword.groovy:68)
	at com.kms.katalon.core.keyword.internal.KeywordExecutor.executeKeywordForPlatform(KeywordExecutor.groovy:56)
	at com.kms.katalon.core.webui.keyword.WebUiBuiltInKeywords.waitForElementVisible(WebUiBuiltInKeywords.groovy:434)
	at com.kms.katalon.core.webui.keyword.WebUiBuiltInKeywords$waitForElementVisible$8.call(Unknown Source)
	at ScreenCrawlVisabilityLogistics.run(ScreenCrawlVisabilityLogistics:93)
	at com.kms.katalon.core.main.ScriptEngine.run(ScriptEngine.java:194)
	at com.kms.katalon.core.main.ScriptEngine.runScriptAsRawText(ScriptEngine.java:119)
	at com.kms.katalon.core.main.TestCaseExecutor.runScript(TestCaseExecutor.java:331)
	at com.kms.katalon.core.main.TestCaseExecutor.doExecute(TestCaseExecutor.java:322)
	at com.kms.katalon.core.main.TestCaseExecutor.processExecutionPhase(TestCaseExecutor.java:301)
	at com.kms.katalon.core.main.TestCaseExecutor.accessMainPhase(TestCaseExecutor.java:293)
	at com.kms.katalon.core.main.TestCaseExecutor.execute(TestCaseExecutor.java:227)
	at com.kms.katalon.core.main.TestSuiteExecutor.accessTestCaseMainPhase(TestSuiteExecutor.java:129)
	at com.kms.katalon.core.main.TestSuiteExecutor.accessTestSuiteMainPhase(TestSuiteExecutor.java:112)
	at com.kms.katalon.core.main.TestSuiteExecutor.execute(TestSuiteExecutor.java:81)
	at com.kms.katalon.core.main.TestCaseMain.startTestSuite(TestCaseMain.java:157)
	at com.kms.katalon.core.main.TestCaseMain$startTestSuite$0.call(Unknown Source)
	at TempTestSuite1555084756832.run(TempTestSuite1555084756832.groovy:35)]]></system-err>
      </testcase>
      <testcase name="Test Cases/ScreenCrawl/ScreenCrawlYardDropdown" classname="Test Cases/ScreenCrawl/ScreenCrawlYardDropdown" status="PASSED">
         <system-out><![CDATA[2019-04-12 10:03:45 - [TEST_CASE][PASSED] - Test Cases/ScreenCrawl/ScreenCrawlYardDropdown: Test Cases/ScreenCrawl/ScreenCrawlYardDropdown

2019-04-12 10:03:45 - [TEST_STEP][PASSED] - openBrowser(""): Browser is opened with url: ''

2019-04-12 10:03:45 - [MESSAGE][WARNING] - A browser is already opened. Closing browser and opening a new one

2019-04-12 10:03:46 - [MESSAGE][INFO] - Starting 'Chrome' driver

2019-04-12 10:03:49 - [MESSAGE][PASSED] - Browser is opened with url: ''

2019-04-12 10:03:49 - [TEST_STEP][PASSED] - deleteAllCookies(): Delete all cookies successfully

2019-04-12 10:03:49 - [MESSAGE][PASSED] - Delete all cookies successfully

2019-04-12 10:03:49 - [TEST_STEP][PASSED] - maximizeWindow(): Current window maximized

2019-04-12 10:03:50 - [MESSAGE][PASSED] - Current window maximized

2019-04-12 10:03:50 - [TEST_STEP][PASSED] - navigateToUrl("http://enspire-qa.gbrx.com/"): Navigate to 'http://enspire-qa.gbrx.com/' successfully

2019-04-12 10:03:51 - [MESSAGE][PASSED] - Navigate to 'http://enspire-qa.gbrx.com/' successfully

2019-04-12 10:03:51 - [TEST_STEP][PASSED] - waitForPageLoad(0): Wait for page load successfully

2019-04-12 10:03:51 - [MESSAGE][WARNING] - Timeout '0' is invalid. Using default page load timeout: '30'

2019-04-12 10:03:51 - [MESSAGE][PASSED] - Wait for page load successfully

2019-04-12 10:03:51 - [TEST_STEP][PASSED] - sendKeys(findTestObject("Login Page/Username Field"), ScreenCrawlUser): Keys 'GMS/ScreenCrawlAllRoles' sent to object: 'Object Repository/Login Page/Username Field'

2019-04-12 10:03:52 - [MESSAGE][PASSED] - Keys 'GMS/ScreenCrawlAllRoles' sent to object: 'Object Repository/Login Page/Username Field'

2019-04-12 10:03:52 - [TEST_STEP][PASSED] - sendKeys(findTestObject("Login Page/Password Field"), ScreenCrawlPass): Keys '123456789' sent to object: 'Object Repository/Login Page/Password Field'

2019-04-12 10:03:52 - [MESSAGE][PASSED] - Keys '123456789' sent to object: 'Object Repository/Login Page/Password Field'

2019-04-12 10:03:52 - [TEST_STEP][PASSED] - click(findTestObject("Login Page/Login Button")): Object: 'Object Repository/Login Page/Login Button' is clicked on

2019-04-12 10:03:53 - [MESSAGE][PASSED] - Object: 'Object Repository/Login Page/Login Button' is clicked on

2019-04-12 10:03:53 - [TEST_STEP][PASSED] - waitForPageLoad(0): Wait for page load successfully

2019-04-12 10:03:53 - [MESSAGE][WARNING] - Timeout '0' is invalid. Using default page load timeout: '30'

2019-04-12 10:03:53 - [MESSAGE][PASSED] - Wait for page load successfully

2019-04-12 10:03:53 - [TEST_STEP][PASSED] - verifyElementVisible(findTestObject("GBMS Home Page/GBX Logo")): Object 'Object Repository/GBMS Home Page/GBX Logo' is visible

2019-04-12 10:03:53 - [MESSAGE][PASSED] - Object 'Object Repository/GBMS Home Page/GBX Logo' is visible

2019-04-12 10:03:53 - [TEST_STEP][PASSED] - verifyElementClickable(findTestObject("GBMS Home Page Dropdowns/Assets Dropdown")): Object 'Object Repository/GBMS Home Page Dropdowns/Assets Dropdown' is clickable

2019-04-12 10:03:53 - [MESSAGE][PASSED] - Object 'Object Repository/GBMS Home Page Dropdowns/Assets Dropdown' is clickable

2019-04-12 10:03:53 - [TEST_STEP][PASSED] - click(findTestObject("GBMS Home Page Dropdowns/Assets Dropdown")): Object: 'Object Repository/GBMS Home Page Dropdowns/Assets Dropdown' is clicked on

2019-04-12 10:03:53 - [MESSAGE][PASSED] - Object: 'Object Repository/GBMS Home Page Dropdowns/Assets Dropdown' is clicked on

2019-04-12 10:03:53 - [TEST_STEP][PASSED] - verifyElementClickable(findTestObject("GBMS Home Page Dropdowns/AssetView 360 Search Option")): Object 'Object Repository/GBMS Home Page Dropdowns/AssetView 360 Search Option' is clickable

2019-04-12 10:03:53 - [MESSAGE][PASSED] - Object 'Object Repository/GBMS Home Page Dropdowns/AssetView 360 Search Option' is clickable

2019-04-12 10:03:53 - [TEST_STEP][PASSED] - click(findTestObject("GBMS Home Page Dropdowns/AssetView 360 Search Option")): Object: 'Object Repository/GBMS Home Page Dropdowns/AssetView 360 Search Option' is clicked on

2019-04-12 10:03:53 - [MESSAGE][PASSED] - Object: 'Object Repository/GBMS Home Page Dropdowns/AssetView 360 Search Option' is clicked on

2019-04-12 10:03:53 - [TEST_STEP][PASSED] - waitForPageLoad(0): Wait for page load successfully

2019-04-12 10:03:53 - [MESSAGE][WARNING] - Timeout '0' is invalid. Using default page load timeout: '30'

2019-04-12 10:03:53 - [MESSAGE][PASSED] - Wait for page load successfully

2019-04-12 10:03:53 - [TEST_STEP][PASSED] - verifyElementVisible(findTestObject("Object Repository/AssetView 360 Search/Asset Mark")): Object 'Object Repository/AssetView 360 Search/Asset Mark' is visible

2019-04-12 10:03:53 - [MESSAGE][PASSED] - Object 'Object Repository/AssetView 360 Search/Asset Mark' is visible

2019-04-12 10:03:53 - [TEST_STEP][PASSED] - back(): Navigate back successfully

2019-04-12 10:03:53 - [MESSAGE][PASSED] - Navigate back successfully

2019-04-12 10:03:53 - [TEST_STEP][PASSED] - waitForPageLoad(0): Wait for page load successfully

2019-04-12 10:03:53 - [MESSAGE][WARNING] - Timeout '0' is invalid. Using default page load timeout: '30'

2019-04-12 10:03:54 - [MESSAGE][PASSED] - Wait for page load successfully

2019-04-12 10:03:54 - [TEST_STEP][PASSED] - verifyElementVisible(findTestObject("GBMS Home Page/GBX Logo")): Object 'Object Repository/GBMS Home Page/GBX Logo' is visible

2019-04-12 10:03:54 - [MESSAGE][PASSED] - Object 'Object Repository/GBMS Home Page/GBX Logo' is visible]]></system-out>
         <system-err><![CDATA[]]></system-err>
      </testcase>
      <system-out><![CDATA[2019-04-12 09:59:19 - [TEST_SUITE][FAILED] - ScreenCrawlHappyPath: Test Cases/ScreenCrawl/ScreenCrawlVisabilityLogistics FAILED.
Reason:
com.kms.katalon.core.exception.StepFailedException: Unable to wait for object to be visible
	at com.kms.katalon.core.keyword.internal.KeywordMain.stepFailed(KeywordMain.groovy:48)
	at com.kms.katalon.core.webui.keyword.internal.WebUIKeywordMain.stepFailed(WebUIKeywordMain.groovy:65)
	at com.kms.katalon.core.webui.keyword.internal.WebUIKeywordMain.runKeyword(WebUIKeywordMain.groovy:27)
	at com.kms.katalon.core.webui.keyword.builtin.WaitForElementVisibleKeyword.waitForElementVisible(WaitForElementVisibleKeyword.groovy:99)
	at com.kms.katalon.core.webui.keyword.builtin.WaitForElementVisibleKeyword.execute(WaitForElementVisibleKeyword.groovy:68)
	at com.kms.katalon.core.keyword.internal.KeywordExecutor.executeKeywordForPlatform(KeywordExecutor.groovy:56)
	at com.kms.katalon.core.webui.keyword.WebUiBuiltInKeywords.waitForElementVisible(WebUiBuiltInKeywords.groovy:434)
	at com.kms.katalon.core.webui.keyword.WebUiBuiltInKeywords$waitForElementVisible$8.call(Unknown Source)
	at ScreenCrawlVisabilityLogistics.run(ScreenCrawlVisabilityLogistics:93)
	at com.kms.katalon.core.main.ScriptEngine.run(ScriptEngine.java:194)
	at com.kms.katalon.core.main.ScriptEngine.runScriptAsRawText(ScriptEngine.java:119)
	at com.kms.katalon.core.main.TestCaseExecutor.runScript(TestCaseExecutor.java:331)
	at com.kms.katalon.core.main.TestCaseExecutor.doExecute(TestCaseExecutor.java:322)
	at com.kms.katalon.core.main.TestCaseExecutor.processExecutionPhase(TestCaseExecutor.java:301)
	at com.kms.katalon.core.main.TestCaseExecutor.accessMainPhase(TestCaseExecutor.java:293)
	at com.kms.katalon.core.main.TestCaseExecutor.execute(TestCaseExecutor.java:227)
	at com.kms.katalon.core.main.TestSuiteExecutor.accessTestCaseMainPhase(TestSuiteExecutor.java:129)
	at com.kms.katalon.core.main.TestSuiteExecutor.accessTestSuiteMainPhase(TestSuiteExecutor.java:112)
	at com.kms.katalon.core.main.TestSuiteExecutor.execute(TestSuiteExecutor.java:81)
	at com.kms.katalon.core.main.TestCaseMain.startTestSuite(TestCaseMain.java:157)
	at com.kms.katalon.core.main.TestCaseMain$startTestSuite$0.call(Unknown Source)
	at TempTestSuite1555084756832.run(TempTestSuite1555084756832.groovy:35)]]></system-out>
      <system-err><![CDATA[2019-04-12 09:59:19 - [TEST_SUITE][FAILED] - ScreenCrawlHappyPath: Test Cases/ScreenCrawl/ScreenCrawlVisabilityLogistics FAILED.
Reason:
com.kms.katalon.core.exception.StepFailedException: Unable to wait for object to be visible
	at com.kms.katalon.core.keyword.internal.KeywordMain.stepFailed(KeywordMain.groovy:48)
	at com.kms.katalon.core.webui.keyword.internal.WebUIKeywordMain.stepFailed(WebUIKeywordMain.groovy:65)
	at com.kms.katalon.core.webui.keyword.internal.WebUIKeywordMain.runKeyword(WebUIKeywordMain.groovy:27)
	at com.kms.katalon.core.webui.keyword.builtin.WaitForElementVisibleKeyword.waitForElementVisible(WaitForElementVisibleKeyword.groovy:99)
	at com.kms.katalon.core.webui.keyword.builtin.WaitForElementVisibleKeyword.execute(WaitForElementVisibleKeyword.groovy:68)
	at com.kms.katalon.core.keyword.internal.KeywordExecutor.executeKeywordForPlatform(KeywordExecutor.groovy:56)
	at com.kms.katalon.core.webui.keyword.WebUiBuiltInKeywords.waitForElementVisible(WebUiBuiltInKeywords.groovy:434)
	at com.kms.katalon.core.webui.keyword.WebUiBuiltInKeywords$waitForElementVisible$8.call(Unknown Source)
	at ScreenCrawlVisabilityLogistics.run(ScreenCrawlVisabilityLogistics:93)
	at com.kms.katalon.core.main.ScriptEngine.run(ScriptEngine.java:194)
	at com.kms.katalon.core.main.ScriptEngine.runScriptAsRawText(ScriptEngine.java:119)
	at com.kms.katalon.core.main.TestCaseExecutor.runScript(TestCaseExecutor.java:331)
	at com.kms.katalon.core.main.TestCaseExecutor.doExecute(TestCaseExecutor.java:322)
	at com.kms.katalon.core.main.TestCaseExecutor.processExecutionPhase(TestCaseExecutor.java:301)
	at com.kms.katalon.core.main.TestCaseExecutor.accessMainPhase(TestCaseExecutor.java:293)
	at com.kms.katalon.core.main.TestCaseExecutor.execute(TestCaseExecutor.java:227)
	at com.kms.katalon.core.main.TestSuiteExecutor.accessTestCaseMainPhase(TestSuiteExecutor.java:129)
	at com.kms.katalon.core.main.TestSuiteExecutor.accessTestSuiteMainPhase(TestSuiteExecutor.java:112)
	at com.kms.katalon.core.main.TestSuiteExecutor.execute(TestSuiteExecutor.java:81)
	at com.kms.katalon.core.main.TestCaseMain.startTestSuite(TestCaseMain.java:157)
	at com.kms.katalon.core.main.TestCaseMain$startTestSuite$0.call(Unknown Source)
	at TempTestSuite1555084756832.run(TempTestSuite1555084756832.groovy:35)]]></system-err>
   </testsuite>
</testsuites>
